0 verbose cli /opt/homebrew/Cellar/node/26.0.0/bin/node /opt/homebrew/bin/npm
1 info using npm@11.12.1
2 info using node@v26.0.0
3 silly config load:file:/opt/homebrew/lib/node_modules/npm/npmrc
4 silly config load:file:/Users/oguzhancankaya/Desktop/fikirnew-main/.npmrc
5 silly config load:file:/Users/oguzhancankaya/Desktop/fikirnew-main/.npm-global/etc/npmrc
6 verbose title npm i
7 verbose argv "i" "--cache" "./.npm-cache" "--no-audit" "--no-fund"
8 verbose logfile logs-max:10 dir:/Users/oguzhancankaya/Desktop/fikirnew-main/.npm-cache/_logs/2026-06-22T10_35_14_058Z-
9 verbose logfile /Users/oguzhancankaya/Desktop/fikirnew-main/.npm-cache/_logs/2026-06-22T10_35_14_058Z-debug-0.log
10 silly logfile done cleaning log files
11 silly packumentCache heap:2248146944 maxSize:562036736 maxEntrySize:281018368
12 http fetch GET https://registry.npmjs.org/npm attempt 1 failed with ENOTFOUND
13 silly idealTree buildDeps
14 silly reify mark retired [ '/Users/oguzhancankaya/Desktop/fikirnew-main/node_modules/acorn' ]
15 silly reify mark retired [
15 silly reify   '/Users/oguzhancankaya/Desktop/fikirnew-main/node_modules/aws-ssl-profiles'
15 silly reify ]
16 silly reify mark retired [ '/Users/oguzhancankaya/Desktop/fikirnew-main/node_modules/axe-core' ]
17 silly reify mark retired [
17 silly reify   '/Users/oguzhancankaya/Desktop/fikirnew-main/node_modules/baseline-browser-mapping'
17 silly reify ]
18 silly reify mark retired [
18 silly reify   '/Users/oguzhancankaya/Desktop/fikirnew-main/node_modules/caniuse-lite'
18 silly reify ]
19 silly reify mark retired [ '/Users/oguzhancankaya/Desktop/fikirnew-main/node_modules/denque' ]
20 silly reify mark retired [
20 silly reify   '/Users/oguzhancankaya/Desktop/fikirnew-main/node_modules/electron-to-chromium'
20 silly reify ]
21 silly reify mark retired [
21 silly reify   '/Users/oguzhancankaya/Desktop/fikirnew-main/node_modules/enhanced-resolve'
21 silly reify ]
22 silly reify mark retired [
22 silly reify   '/Users/oguzhancankaya/Desktop/fikirnew-main/node_modules/es-abstract-get'
22 silly reify ]
23 silly reify mark retired [
23 silly reify   '/Users/oguzhancankaya/Desktop/fikirnew-main/node_modules/es-iterator-helpers'
23 silly reify ]
24 silly reify mark retired [
24 silly reify   '/Users/oguzhancankaya/Desktop/fikirnew-main/node_modules/es-to-primitive'
24 silly reify ]
25 silly reify mark retired [ '/Users/oguzhancankaya/Desktop/fikirnew-main/node_modules/eslint' ]
26 silly reify mark retired [
26 silly reify   '/Users/oguzhancankaya/Desktop/fikirnew-main/node_modules/eslint-config-next'
26 silly reify ]
27 silly reify mark retired [
27 silly reify   '/Users/oguzhancankaya/Desktop/fikirnew-main/node_modules/eslint-scope'
27 silly reify ]
28 silly reify mark retired [ '/Users/oguzhancankaya/Desktop/fikirnew-main/node_modules/espree' ]
29 silly reify mark retired [
29 silly reify   '/Users/oguzhancankaya/Desktop/fikirnew-main/node_modules/eslint-visitor-keys'
29 silly reify ]
30 silly reify mark retired [
30 silly reify   '/Users/oguzhancankaya/Desktop/fikirnew-main/node_modules/fast-glob'
30 silly reify ]
31 silly reify mark retired [
31 silly reify   '/Users/oguzhancankaya/Desktop/fikirnew-main/node_modules/function.prototype.name'
31 silly reify ]
32 silly reify mark retired [
32 silly reify   '/Users/oguzhancankaya/Desktop/fikirnew-main/node_modules/generate-function'
32 silly reify ]
33 silly reify mark retired [ '/Users/oguzhancankaya/Desktop/fikirnew-main/node_modules/globals' ]
34 silly reify mark retired [ '/Users/oguzhancankaya/Desktop/fikirnew-main/node_modules/gsap' ]
35 silly reify mark retired [
35 silly reify   '/Users/oguzhancankaya/Desktop/fikirnew-main/node_modules/iconv-lite'
35 silly reify ]
36 silly reify mark retired [
36 silly reify   '/Users/oguzhancankaya/Desktop/fikirnew-main/node_modules/is-document.all'
36 silly reify ]
37 silly reify mark retired [
37 silly reify   '/Users/oguzhancankaya/Desktop/fikirnew-main/node_modules/is-property'
37 silly reify ]
38 silly reify mark retired [ '/Users/oguzhancankaya/Desktop/fikirnew-main/node_modules/jiti' ]
39 silly reify mark retired [ '/Users/oguzhancankaya/Desktop/fikirnew-main/node_modules/lenis' ]
40 silly reify mark retired [
40 silly reify   '/Users/oguzhancankaya/Desktop/fikirnew-main/node_modules/lightningcss'
40 silly reify ]
41 silly reify mark retired [
41 silly reify   '/Users/oguzhancankaya/Desktop/fikirnew-main/node_modules/lightningcss-darwin-arm64'
41 silly reify ]
42 silly reify mark retired [ '/Users/oguzhancankaya/Desktop/fikirnew-main/node_modules/long' ]
43 silly reify mark retired [
43 silly reify   '/Users/oguzhancankaya/Desktop/fikirnew-main/node_modules/lucide-react'
43 silly reify ]
44 silly reify mark retired [ '/Users/oguzhancankaya/Desktop/fikirnew-main/node_modules/lru.min' ]
45 silly reify mark retired [
45 silly reify   '/Users/oguzhancankaya/Desktop/fikirnew-main/node_modules/magic-string'
45 silly reify ]
46 silly reify mark retired [
46 silly reify   '/Users/oguzhancankaya/Desktop/fikirnew-main/node_modules/named-placeholders'
46 silly reify ]
47 silly reify mark retired [ '/Users/oguzhancankaya/Desktop/fikirnew-main/node_modules/mysql2' ]
48 silly reify mark retired [ '/Users/oguzhancankaya/Desktop/fikirnew-main/node_modules/nanoid' ]
49 silly reify mark retired [ '/Users/oguzhancankaya/Desktop/fikirnew-main/node_modules/next' ]
50 silly reify mark retired [
50 silly reify   '/Users/oguzhancankaya/Desktop/fikirnew-main/node_modules/node-releases'
50 silly reify ]
51 silly reify mark retired [ '/Users/oguzhancankaya/Desktop/fikirnew-main/node_modules/react' ]
52 silly reify mark retired [
52 silly reify   '/Users/oguzhancankaya/Desktop/fikirnew-main/node_modules/react-dom'
52 silly reify ]
53 silly reify mark retired [ '/Users/oguzhancankaya/Desktop/fikirnew-main/node_modules/sharp' ]
54 silly reify mark retired [
54 silly reify   '/Users/oguzhancankaya/Desktop/fikirnew-main/node_modules/side-channel'
54 silly reify ]
55 silly reify mark retired [
55 silly reify   '/Users/oguzhancankaya/Desktop/fikirnew-main/node_modules/sql-escaper'
55 silly reify ]
56 silly reify mark retired [
56 silly reify   '/Users/oguzhancankaya/Desktop/fikirnew-main/node_modules/string.prototype.trim'
56 silly reify ]
57 silly reify mark retired [
57 silly reify   '/Users/oguzhancankaya/Desktop/fikirnew-main/node_modules/string.prototype.trimend'
57 silly reify ]
58 silly reify mark retired [
58 silly reify   '/Users/oguzhancankaya/Desktop/fikirnew-main/node_modules/styled-jsx'
58 silly reify ]
59 silly reify mark retired [
59 silly reify   '/Users/oguzhancankaya/Desktop/fikirnew-main/node_modules/tailwindcss'
59 silly reify ]
60 silly reify mark retired [ '/Users/oguzhancankaya/Desktop/fikirnew-main/node_modules/tapable' ]
61 silly reify mark retired [
61 silly reify   '/Users/oguzhancankaya/Desktop/fikirnew-main/node_modules/typescript-eslint'
61 silly reify ]
62 silly reify mark retired [
62 silly reify   '/Users/oguzhancankaya/Desktop/fikirnew-main/node_modules/which-typed-array'
62 silly reify ]
63 silly reify mark retired [
63 silly reify   '/Users/oguzhancankaya/Desktop/fikirnew-main/node_modules/@emnapi/core'
63 silly reify ]
64 silly reify mark retired [
64 silly reify   '/Users/oguzhancankaya/Desktop/fikirnew-main/node_modules/@emnapi/wasi-threads'
64 silly reify ]
65 silly reify mark retired [
65 silly reify   '/Users/oguzhancankaya/Desktop/fikirnew-main/node_modules/@eslint/config-array'
65 silly reify ]
66 silly reify mark retired [
66 silly reify   '/Users/oguzhancankaya/Desktop/fikirnew-main/node_modules/@emnapi/runtime'
66 silly reify ]
67 silly reify mark retired [
67 silly reify   '/Users/oguzhancankaya/Desktop/fikirnew-main/node_modules/@eslint/core'
67 silly reify ]
68 silly reify mark retired [
68 silly reify   '/Users/oguzhancankaya/Desktop/fikirnew-main/node_modules/@eslint/eslintrc'
68 silly reify ]
69 silly reify mark retired [
69 silly reify   '/Users/oguzhancankaya/Desktop/fikirnew-main/node_modules/@eslint/js'
69 silly reify ]
70 silly reify mark retired [
70 silly reify   '/Users/oguzhancankaya/Desktop/fikirnew-main/node_modules/@eslint/plugin-kit'
70 silly reify ]
71 silly reify mark retired [
71 silly reify   '/Users/oguzhancankaya/Desktop/fikirnew-main/node_modules/@eslint/object-schema'
71 silly reify ]
72 silly reify mark retired [
72 silly reify   '/Users/oguzhancankaya/Desktop/fikirnew-main/node_modules/@babel/code-frame'
72 silly reify ]
73 silly reify mark retired [
73 silly reify   '/Users/oguzhancankaya/Desktop/fikirnew-main/node_modules/@eslint/config-helpers'
73 silly reify ]
74 silly reify mark retired [
74 silly reify   '/Users/oguzhancankaya/Desktop/fikirnew-main/node_modules/@babel/compat-data'
74 silly reify ]
75 silly reify mark retired [
75 silly reify   '/Users/oguzhancankaya/Desktop/fikirnew-main/node_modules/@babel/helper-compilation-targets'
75 silly reify ]
76 silly reify mark retired [
76 silly reify   '/Users/oguzhancankaya/Desktop/fikirnew-main/node_modules/@babel/helper-module-imports'
76 silly reify ]
77 silly reify mark retired [
77 silly reify   '/Users/oguzhancankaya/Desktop/fikirnew-main/node_modules/@babel/generator'
77 silly reify ]
78 silly reify mark retired [
78 silly reify   '/Users/oguzhancankaya/Desktop/fikirnew-main/node_modules/@babel/core'
78 silly reify ]
79 silly reify mark retired [
79 silly reify   '/Users/oguzhancankaya/Desktop/fikirnew-main/node_modules/@babel/helper-module-transforms'
79 silly reify ]
80 silly reify mark retired [
80 silly reify   '/Users/oguzhancankaya/Desktop/fikirnew-main/node_modules/@babel/helper-string-parser'
80 silly reify ]
81 silly reify mark retired [
81 silly reify   '/Users/oguzhancankaya/Desktop/fikirnew-main/node_modules/@babel/helper-globals'
81 silly reify ]
82 silly reify mark retired [
82 silly reify   '/Users/oguzhancankaya/Desktop/fikirnew-main/node_modules/@babel/helper-validator-identifier'
82 silly reify ]
83 silly reify mark retired [
83 silly reify   '/Users/oguzhancankaya/Desktop/fikirnew-main/node_modules/@babel/helper-validator-option'
83 silly reify ]
84 silly reify mark retired [
84 silly reify   '/Users/oguzhancankaya/Desktop/fikirnew-main/node_modules/@babel/helpers'
84 silly reify ]
85 silly reify mark retired [
85 silly reify   '/Users/oguzhancankaya/Desktop/fikirnew-main/node_modules/@babel/template'
85 silly reify ]
86 silly reify mark retired [
86 silly reify   '/Users/oguzhancankaya/Desktop/fikirnew-main/node_modules/@babel/traverse'
86 silly reify ]
87 silly reify mark retired [
87 silly reify   '/Users/oguzhancankaya/Desktop/fikirnew-main/node_modules/@babel/types'
87 silly reify ]
88 silly reify mark retired [
88 silly reify   '/Users/oguzhancankaya/Desktop/fikirnew-main/node_modules/@gsap/react'
88 silly reify ]
89 silly reify mark retired [
89 silly reify   '/Users/oguzhancankaya/Desktop/fikirnew-main/node_modules/@babel/parser'
89 silly reify ]
90 silly reify mark retired [
90 silly reify   '/Users/oguzhancankaya/Desktop/fikirnew-main/node_modules/@next/env'
90 silly reify ]
91 silly reify mark retired [
91 silly reify   '/Users/oguzhancankaya/Desktop/fikirnew-main/node_modules/@next/eslint-plugin-next'
91 silly reify ]
92 silly reify mark retired [
92 silly reify   '/Users/oguzhancankaya/Desktop/fikirnew-main/node_modules/@next/swc-darwin-arm64'
92 silly reify ]
93 silly reify mark retired [
93 silly reify   '/Users/oguzhancankaya/Desktop/fikirnew-main/node_modules/@napi-rs/wasm-runtime'
93 silly reify ]
94 silly reify mark retired [
94 silly reify   '/Users/oguzhancankaya/Desktop/fikirnew-main/node_modules/@img/sharp-darwin-arm64'
94 silly reify ]
95 silly reify mark retired [
95 silly reify   '/Users/oguzhancankaya/Desktop/fikirnew-main/node_modules/@img/sharp-libvips-darwin-arm64'
95 silly reify ]
96 silly reify mark retired [
96 silly reify   '/Users/oguzhancankaya/Desktop/fikirnew-main/node_modules/@img/colour'
96 silly reify ]
97 silly reify mark retired [
97 silly reify   '/Users/oguzhancankaya/Desktop/fikirnew-main/node_modules/@swc/helpers'
97 silly reify ]
98 silly reify mark retired [
98 silly reify   '/Users/oguzhancankaya/Desktop/fikirnew-main/node_modules/@tailwindcss/node'
98 silly reify ]
99 silly reify mark retired [
99 silly reify   '/Users/oguzhancankaya/Desktop/fikirnew-main/node_modules/@tailwindcss/oxide'
99 silly reify ]
100 silly reify mark retired [
100 silly reify   '/Users/oguzhancankaya/Desktop/fikirnew-main/node_modules/@tailwindcss/oxide-darwin-arm64'
100 silly reify ]
101 silly reify mark retired [
101 silly reify   '/Users/oguzhancankaya/Desktop/fikirnew-main/node_modules/@tailwindcss/postcss'
101 silly reify ]
102 silly reify mark retired [
102 silly reify   '/Users/oguzhancankaya/Desktop/fikirnew-main/node_modules/@tybys/wasm-util'
102 silly reify ]
103 silly reify mark retired [
103 silly reify   '/Users/oguzhancankaya/Desktop/fikirnew-main/node_modules/@types/node'
103 silly reify ]
104 silly reify mark retired [
104 silly reify   '/Users/oguzhancankaya/Desktop/fikirnew-main/node_modules/@typescript-eslint/eslint-plugin'
104 silly reify ]
105 silly reify mark retired [
105 silly reify   '/Users/oguzhancankaya/Desktop/fikirnew-main/node_modules/@typescript-eslint/parser'
105 silly reify ]
106 silly reify mark retired [
106 silly reify   '/Users/oguzhancankaya/Desktop/fikirnew-main/node_modules/@typescript-eslint/scope-manager'
106 silly reify ]
107 silly reify mark retired [
107 silly reify   '/Users/oguzhancankaya/Desktop/fikirnew-main/node_modules/@typescript-eslint/project-service'
107 silly reify ]
108 silly reify mark retired [
108 silly reify   '/Users/oguzhancankaya/Desktop/fikirnew-main/node_modules/@typescript-eslint/tsconfig-utils'
108 silly reify ]
109 silly reify mark retired [
109 silly reify   '/Users/oguzhancankaya/Desktop/fikirnew-main/node_modules/@typescript-eslint/types'
109 silly reify ]
110 silly reify mark retired [
110 silly reify   '/Users/oguzhancankaya/Desktop/fikirnew-main/node_modules/@typescript-eslint/typescript-estree'
110 silly reify ]
111 silly reify mark retired [
111 silly reify   '/Users/oguzhancankaya/Desktop/fikirnew-main/node_modules/@typescript-eslint/utils'
111 silly reify ]
112 silly reify mark retired [
112 silly reify   '/Users/oguzhancankaya/Desktop/fikirnew-main/node_modules/@typescript-eslint/visitor-keys'
112 silly reify ]
113 silly reify mark retired [
113 silly reify   '/Users/oguzhancankaya/Desktop/fikirnew-main/node_modules/@typescript-eslint/type-utils'
113 silly reify ]
114 silly reify mark retired [
114 silly reify   '/Users/oguzhancankaya/Desktop/fikirnew-main/node_modules/browserslist',
114 silly reify   '/Users/oguzhancankaya/Desktop/fikirnew-main/node_modules/.bin/browserslist'
114 silly reify ]
115 silly reify mark retired [
115 silly reify   '/Users/oguzhancankaya/Desktop/fikirnew-main/node_modules/is-bun-module/node_modules/semver'
115 silly reify ]
116 silly reify mark retired [
116 silly reify   '/Users/oguzhancankaya/Desktop/fikirnew-main/node_modules/js-yaml',
116 silly reify   '/Users/oguzhancankaya/Desktop/fikirnew-main/node_modules/.bin/js-yaml'
116 silly reify ]
117 silly reify mark retired [
117 silly reify   '/Users/oguzhancankaya/Desktop/fikirnew-main/node_modules/jsesc',
117 silly reify   '/Users/oguzhancankaya/Desktop/fikirnew-main/node_modules/.bin/jsesc'
117 silly reify ]
118 silly reify mark retired [
118 silly reify   '/Users/oguzhancankaya/Desktop/fikirnew-main/node_modules/json5',
118 silly reify   '/Users/oguzhancankaya/Desktop/fikirnew-main/node_modules/.bin/json5'
118 silly reify ]
119 silly reify mark retired [
119 silly reify   '/Users/oguzhancankaya/Desktop/fikirnew-main/node_modules/loose-envify',
119 silly reify   '/Users/oguzhancankaya/Desktop/fikirnew-main/node_modules/.bin/loose-envify'
119 silly reify ]
120 silly reify mark retired [
120 silly reify   '/Users/oguzhancankaya/Desktop/fikirnew-main/node_modules/napi-postinstall',
120 silly reify   '/Users/oguzhancankaya/Desktop/fikirnew-main/node_modules/.bin/napi-postinstall'
120 silly reify ]
121 silly reify mark retired [
121 silly reify   '/Users/oguzhancankaya/Desktop/fikirnew-main/node_modules/resolve',
121 silly reify   '/Users/oguzhancankaya/Desktop/fikirnew-main/node_modules/.bin/resolve'
121 silly reify ]
122 silly reify mark retired [
122 silly reify   '/Users/oguzhancankaya/Desktop/fikirnew-main/node_modules/semver',
122 silly reify   '/Users/oguzhancankaya/Desktop/fikirnew-main/node_modules/.bin/semver'
122 silly reify ]
123 silly reify mark retired [
123 silly reify   '/Users/oguzhancankaya/Desktop/fikirnew-main/node_modules/typescript',
123 silly reify   '/Users/oguzhancankaya/Desktop/fikirnew-main/node_modules/.bin/tsc',
123 silly reify   '/Users/oguzhancankaya/Desktop/fikirnew-main/node_modules/.bin/tsserver'
123 silly reify ]
124 silly reify mark retired [
124 silly reify   '/Users/oguzhancankaya/Desktop/fikirnew-main/node_modules/tsconfig-paths/node_modules/json5',
124 silly reify   '/Users/oguzhancankaya/Desktop/fikirnew-main/node_modules/tsconfig-paths/node_modules/.bin/json5'
124 silly reify ]
125 silly reify mark retired [
125 silly reify   '/Users/oguzhancankaya/Desktop/fikirnew-main/node_modules/update-browserslist-db',
125 silly reify   '/Users/oguzhancankaya/Desktop/fikirnew-main/node_modules/.bin/update-browserslist-db'
125 silly reify ]
126 silly reify mark retired [
126 silly reify   '/Users/oguzhancankaya/Desktop/fikirnew-main/node_modules/which',
126 silly reify   '/Users/oguzhancankaya/Desktop/fikirnew-main/node_modules/.bin/node-which'
126 silly reify ]
127 silly reify moves {
127 silly reify   '/Users/oguzhancankaya/Desktop/fikirnew-main/node_modules/acorn': '/Users/oguzhancankaya/Desktop/fikirnew-main/node_modules/.acorn-7maOX0BR',
127 silly reify   '/Users/oguzhancankaya/Desktop/fikirnew-main/node_modules/aws-ssl-profiles': '/Users/oguzhancankaya/Desktop/fikirnew-main/node_modules/.aws-ssl-profiles-wxia382i',
127 silly reify   '/Users/oguzhancankaya/Desktop/fikirnew-main/node_modules/axe-core': '/Users/oguzhancankaya/Desktop/fikirnew-main/node_modules/.axe-core-CqLADufe',
127 silly reify   '/Users/oguzhancankaya/Desktop/fikirnew-main/node_modules/baseline-browser-mapping': '/Users/oguzhancankaya/Desktop/fikirnew-main/node_modules/.baseline-browser-mapping-zGWONOBn',
127 silly reify   '/Users/oguzhancankaya/Desktop/fikirnew-main/node_modules/caniuse-lite': '/Users/oguzhancankaya/Desktop/fikirnew-main/node_modules/.caniuse-lite-f0N6PD89',
127 silly reify   '/Users/oguzhancankaya/Desktop/fikirnew-main/node_modules/denque': '/Users/oguzhancankaya/Desktop/fikirnew-main/node_modules/.denque-QZE01uFW',
127 silly reify   '/Users/oguzhancankaya/Desktop/fikirnew-main/node_modules/electron-to-chromium': '/Users/oguzhancankaya/Desktop/fikirnew-main/node_modules/.electron-to-chromium-W4rM94oE',
127 silly reify   '/Users/oguzhancankaya/Desktop/fikirnew-main/node_modules/enhanced-resolve': '/Users/oguzhancankaya/Desktop/fikirnew-main/node_modules/.enhanced-resolve-6XiOs9gD',
127 silly reify   '/Users/oguzhancankaya/Desktop/fikirnew-main/node_modules/es-abstract-get': '/Users/oguzhancankaya/Desktop/fikirnew-main/node_modules/.es-abstract-get-BRqrvNe3',
127 silly reify   '/Users/oguzhancankaya/Desktop/fikirnew-main/node_modules/es-iterator-helpers': '/Users/oguzhancankaya/Desktop/fikirnew-main/node_modules/.es-iterator-helpers-rIitHARH',
127 silly reify   '/Users/oguzhancankaya/Desktop/fikirnew-main/node_modules/es-to-primitive': '/Users/oguzhancankaya/Desktop/fikirnew-main/node_modules/.es-to-primitive-MRu9pNbk',
127 silly reify   '/Users/oguzhancankaya/Desktop/fikirnew-main/node_modules/eslint': '/Users/oguzhancankaya/Desktop/fikirnew-main/node_modules/.eslint-eKOTSezx',
127 silly reify   '/Users/oguzhancankaya/Desktop/fikirnew-main/node_modules/eslint-config-next': '/Users/oguzhancankaya/Desktop/fikirnew-main/node_modules/.eslint-config-next-ceT8EP9q',
127 silly reify   '/Users/oguzhancankaya/Desktop/fikirnew-main/node_modules/eslint-scope': '/Users/oguzhancankaya/Desktop/fikirnew-main/node_modules/.eslint-scope-Zm5wQmLY',
127 silly reify   '/Users/oguzhancankaya/Desktop/fikirnew-main/node_modules/espree': '/Users/oguzhancankaya/Desktop/fikirnew-main/node_modules/.espree-3xiclvUf',
127 silly reify   '/Users/oguzhancankaya/Desktop/fikirnew-main/node_modules/eslint-visitor-keys': '/Users/oguzhancankaya/Desktop/fikirnew-main/node_modules/.eslint-visitor-keys-Zd2XuRMW',
127 silly reify   '/Users/oguzhancankaya/Desktop/fikirnew-main/node_modules/fast-glob': '/Users/oguzhancankaya/Desktop/fikirnew-main/node_modules/.fast-glob-NLwBqr9K',
127 silly reify   '/Users/oguzhancankaya/Desktop/fikirnew-main/node_modules/function.prototype.name': '/Users/oguzhancankaya/Desktop/fikirnew-main/node_modules/.function.prototype.name-QcybFaGR',
127 silly reify   '/Users/oguzhancankaya/Desktop/fikirnew-main/node_modules/generate-function': '/Users/oguzhancankaya/Desktop/fikirnew-main/node_modules/.generate-function-8Yy5oRzI',
127 silly reify   '/Users/oguzhancankaya/Desktop/fikirnew-main/node_modules/globals': '/Users/oguzhancankaya/Desktop/fikirnew-main/node_modules/.globals-o0vroiTC',
127 silly reify   '/Users/oguzhancankaya/Desktop/fikirnew-main/node_modules/gsap': '/Users/oguzhancankaya/Desktop/fikirnew-main/node_modules/.gsap-5BRlMJMi',
127 silly reify   '/Users/oguzhancankaya/Desktop/fikirnew-main/node_modules/iconv-lite': '/Users/oguzhancankaya/Desktop/fikirnew-main/node_modules/.iconv-lite-Q5Na7a7G',
127 silly reify   '/Users/oguzhancankaya/Desktop/fikirnew-main/node_modules/is-document.all': '/Users/oguzhancankaya/Desktop/fikirnew-main/node_modules/.is-document.all-IiEPIElm',
127 silly reify   '/Users/oguzhancankaya/Desktop/fikirnew-main/node_modules/is-property': '/Users/oguzhancankaya/Desktop/fikirnew-main/node_modules/.is-property-jiZqvQjb',
127 silly reify   '/Users/oguzhancankaya/Desktop/fikirnew-main/node_modules/jiti': '/Users/oguzhancankaya/Desktop/fikirnew-main/node_modules/.jiti-UnMP0Ia3',
127 silly reify   '/Users/oguzhancankaya/Desktop/fikirnew-main/node_modules/lenis': '/Users/oguzhancankaya/Desktop/fikirnew-main/node_modules/.lenis-4NZjc0Ag',
127 silly reify   '/Users/oguzhancankaya/Desktop/fikirnew-main/node_modules/lightningcss': '/Users/oguzhancankaya/Desktop/fikirnew-main/node_modules/.lightningcss-MFCINnCB',
127 silly reify   '/Users/oguzhancankaya/Desktop/fikirnew-main/node_modules/lightningcss-darwin-arm64': '/Users/oguzhancankaya/Desktop/fikirnew-main/node_modules/.lightningcss-darwin-arm64-wGkdEKAu',
127 silly reify   '/Users/oguzhancankaya/Desktop/fikirnew-main/node_modules/long': '/Users/oguzhancankaya/Desktop/fikirnew-main/node_modules/.long-SZZLx78J',
127 silly reify   '/Users/oguzhancankaya/Desktop/fikirnew-main/node_modules/lucide-react': '/Users/oguzhancankaya/Desktop/fikirnew-main/node_modules/.lucide-react-LAVNuWdP',
127 silly reify   '/Users/oguzhancankaya/Desktop/fikirnew-main/node_modules/lru.min': '/Users/oguzhancankaya/Desktop/fikirnew-main/node_modules/.lru.min-KNCAZtM4',
127 silly reify   '/Users/oguzhancankaya/Desktop/fikirnew-main/node_modules/magic-string': '/Users/oguzhancankaya/Desktop/fikirnew-main/node_modules/.magic-string-lti4Php2',
127 silly reify   '/Users/oguzhancankaya/Desktop/fikirnew-main/node_modules/named-placeholders': '/Users/oguzhancankaya/Desktop/fikirnew-main/node_modules/.named-placeholders-6MYmWGTk',
127 silly reify   '/Users/oguzhancankaya/Desktop/fikirnew-main/node_modules/mysql2': '/Users/oguzhancankaya/Desktop/fikirnew-main/node_modules/.mysql2-brSb19tc',
127 silly reify   '/Users/oguzhancankaya/Desktop/fikirnew-main/node_modules/nanoid': '/Users/oguzhancankaya/Desktop/fikirnew-main/node_modules/.nanoid-Z2qJpci8',
127 silly reify   '/Users/oguzhancankaya/Desktop/fikirnew-main/node_modules/next': '/Users/oguzhancankaya/Desktop/fikirnew-main/node_modules/.next-3gpqIZd5',
127 silly reify   '/Users/oguzhancankaya/Desktop/fikirnew-main/node_modules/node-releases': '/Users/oguzhancankaya/Desktop/fikirnew-main/node_modules/.node-releases-5CysnwlA',
127 silly reify   '/Users/oguzhancankaya/Desktop/fikirnew-main/node_modules/react': '/Users/oguzhancankaya/Desktop/fikirnew-main/node_modules/.react-rpu3AjuU',
127 silly reify   '/Users/oguzhancankaya/Desktop/fikirnew-main/node_modules/react-dom': '/Users/oguzhancankaya/Desktop/fikirnew-main/node_modules/.react-dom-efdcWNkK',
127 silly reify   '/Users/oguzhancankaya/Desktop/fikirnew-main/node_modules/sharp': '/Users/oguzhancankaya/Desktop/fikirnew-main/node_modules/.sharp-Q7LZNyco',
127 silly reify   '/Users/oguzhancankaya/Desktop/fikirnew-main/node_modules/side-channel': '/Users/oguzhancankaya/Desktop/fikirnew-main/node_modules/.side-channel-ET5B8PfO',
127 silly reify   '/Users/oguzhancankaya/Desktop/fikirnew-main/node_modules/sql-escaper': '/Users/oguzhancankaya/Desktop/fikirnew-main/node_modules/.sql-escaper-a8GLLJFL',
127 silly reify   '/Users/oguzhancankaya/Desktop/fikirnew-main/node_modules/string.prototype.trim': '/Users/oguzhancankaya/Desktop/fikirnew-main/node_modules/.string.prototype.trim-qBaTbdEC',
127 silly reify   '/Users/oguzhancankaya/Desktop/fikirnew-main/node_modules/string.prototype.trimend': '/Users/oguzhancankaya/Desktop/fikirnew-main/node_modules/.string.prototype.trimend-pRbM79LY',
127 silly reify   '/Users/oguzhancankaya/Desktop/fikirnew-main/node_modules/styled-jsx': '/Users/oguzhancankaya/Desktop/fikirnew-main/node_modules/.styled-jsx-SsGGX3TC',
127 silly reify   '/Users/oguzhancankaya/Desktop/fikirnew-main/node_modules/tailwindcss': '/Users/oguzhancankaya/Desktop/fikirnew-main/node_modules/.tailwindcss-bU5j2Zbf',
127 silly reify   '/Users/oguzhancankaya/Desktop/fikirnew-main/node_modules/tapable': '/Users/oguzhancankaya/Desktop/fikirnew-main/node_modules/.tapable-kZMvosVn',
127 silly reify   '/Users/oguzhancankaya/Desktop/fikirnew-main/node_modules/typescript-eslint': '/Users/oguzhancankaya/Desktop/fikirnew-main/node_modules/.typescript-eslint-fH8ksPpb',
127 silly reify   '/Users/oguzhancankaya/Desktop/fikirnew-main/node_modules/which-typed-array': '/Users/oguzhancankaya/Desktop/fikirnew-main/node_modules/.which-typed-array-RJSI6xAs',
127 silly reify   '/Users/oguzhancankaya/Desktop/fikirnew-main/node_modules/@emnapi/core': '/Users/oguzhancankaya/Desktop/fikirnew-main/node_modules/@emnapi/.core-iVPzNJe7',
127 silly reify   '/Users/oguzhancankaya/Desktop/fikirnew-main/node_modules/@emnapi/wasi-threads': '/Users/oguzhancankaya/Desktop/fikirnew-main/node_modules/@emnapi/.wasi-threads-P3a8lryf',
127 silly reify   '/Users/oguzhancankaya/Desktop/fikirnew-main/node_modules/@eslint/config-array': '/Users/oguzhancankaya/Desktop/fikirnew-main/node_modules/@eslint/.config-array-qu3med3U',
127 silly reify   '/Users/oguzhancankaya/Desktop/fikirnew-main/node_modules/@emnapi/runtime': '/Users/oguzhancankaya/Desktop/fikirnew-main/node_modules/@emnapi/.runtime-1Gm2cuJ5',
127 silly reify   '/Users/oguzhancankaya/Desktop/fikirnew-main/node_modules/@eslint/core': '/Users/oguzhancankaya/Desktop/fikirnew-main/node_modules/@eslint/.core-69bT6yZg',
127 silly reify   '/Users/oguzhancankaya/Desktop/fikirnew-main/node_modules/@eslint/eslintrc': '/Users/oguzhancankaya/Desktop/fikirnew-main/node_modules/@eslint/.eslintrc-vquNbYxY',
127 silly reify   '/Users/oguzhancankaya/Desktop/fikirnew-main/node_modules/@eslint/js': '/Users/oguzhancankaya/Desktop/fikirnew-main/node_modules/@eslint/.js-bH2tNdGj',
127 silly reify   '/Users/oguzhancankaya/Desktop/fikirnew-main/node_modules/@eslint/plugin-kit': '/Users/oguzhancankaya/Desktop/fikirnew-main/node_modules/@eslint/.plugin-kit-Bwem6B8Z',
127 silly reify   '/Users/oguzhancankaya/Desktop/fikirnew-main/node_modules/@eslint/object-schema': '/Users/oguzhancankaya/Desktop/fikirnew-main/node_modules/@eslint/.object-schema-ECKXORb1',
127 silly reify   '/Users/oguzhancankaya/Desktop/fikirnew-main/node_modules/@babel/code-frame': '/Users/oguzhancankaya/Desktop/fikirnew-main/node_modules/@babel/.code-frame-9RhVek91',
127 silly reify   '/Users/oguzhancankaya/Desktop/fikirnew-main/node_modules/@eslint/config-helpers': '/Users/oguzhancankaya/Desktop/fikirnew-main/node_modules/@eslint/.config-helpers-dF9PHbtT',
127 silly reify   '/Users/oguzhancankaya/Desktop/fikirnew-main/node_modules/@babel/compat-data': '/Users/oguzhancankaya/Desktop/fikirnew-main/node_modules/@babel/.compat-data-d4fCNeiB',
127 silly reify   '/Users/oguzhancankaya/Desktop/fikirnew-main/node_modules/@babel/helper-compilation-targets': '/Users/oguzhancankaya/Desktop/fikirnew-main/node_modules/@babel/.helper-compilation-targets-OPldnwXI',
127 silly reify   '/Users/oguzhancankaya/Desktop/fikirnew-main/node_modules/@babel/helper-module-imports': '/Users/oguzhancankaya/Desktop/fikirnew-main/node_modules/@babel/.helper-module-imports-avrMr7Or',
127 silly reify   '/Users/oguzhancankaya/Desktop/fikirnew-main/node_modules/@babel/generator': '/Users/oguzhancankaya/Desktop/fikirnew-main/node_modules/@babel/.generator-05r29aC7',
127 silly reify   '/Users/oguzhancankaya/Desktop/fikirnew-main/node_modules/@babel/core': '/Users/oguzhancankaya/Desktop/fikirnew-main/node_modules/@babel/.core-l5Y58EFF',
127 silly reify   '/Users/oguzhancankaya/Desktop/fikirnew-main/node_modules/@babel/helper-module-transforms': '/Users/oguzhancankaya/Desktop/fikirnew-main/node_modules/@babel/.helper-module-transforms-9rycLfjU',
127 silly reify   '/Users/oguzhancankaya/Desktop/fikirnew-main/node_modules/@babel/helper-string-parser': '/Users/oguzhancankaya/Desktop/fikirnew-main/node_modules/@babel/.helper-string-parser-38qv5fsD',
127 silly reify   '/Users/oguzhancankaya/Desktop/fikirnew-main/node_modules/@babel/helper-globals': '/Users/oguzhancankaya/Desktop/fikirnew-main/node_modules/@babel/.helper-globals-cWYngJbb',
127 silly reify   '/Users/oguzhancankaya/Desktop/fikirnew-main/node_modules/@babel/helper-validator-identifier': '/Users/oguzhancankaya/Desktop/fikirnew-main/node_modules/@babel/.helper-validator-identifier-LS29pyO5',
127 silly reify   '/Users/oguzhancankaya/Desktop/fikirnew-main/node_modules/@babel/helper-validator-option': '/Users/oguzhancankaya/Desktop/fikirnew-main/node_modules/@babel/.helper-validator-option-L81vHE4P',
127 silly reify   '/Users/oguzhancankaya/Desktop/fikirnew-main/node_modules/@babel/helpers': '/Users/oguzhancankaya/Desktop/fikirnew-main/node_modules/@babel/.helpers-9z3mIXXU',
127 silly reify   '/Users/oguzhancankaya/Desktop/fikirnew-main/node_modules/@babel/template': '/Users/oguzhancankaya/Desktop/fikirnew-main/node_modules/@babel/.template-OTarT8Il',
127 silly reify   '/Users/oguzhancankaya/Desktop/fikirnew-main/node_modules/@babel/traverse': '/Users/oguzhancankaya/Desktop/fikirnew-main/node_modules/@babel/.traverse-B0y9eEDH',
127 silly reify   '/Users/oguzhancankaya/Desktop/fikirnew-main/node_modules/@babel/types': '/Users/oguzhancankaya/Desktop/fikirnew-main/node_modules/@babel/.types-VcwG8dew',
127 silly reify   '/Users/oguzhancankaya/Desktop/fikirnew-main/node_modules/@gsap/react': '/Users/oguzhancankaya/Desktop/fikirnew-main/node_modules/@gsap/.react-2DtzhE9G',
127 silly reify   '/Users/oguzhancankaya/Desktop/fikirnew-main/node_modules/@babel/parser': '/Users/oguzhancankaya/Desktop/fikirnew-main/node_modules/@babel/.parser-vlCi98cp',
127 silly reify   '/Users/oguzhancankaya/Desktop/fikirnew-main/node_modules/@next/env': '/Users/oguzhancankaya/Desktop/fikirnew-main/node_modules/@next/.env-MBfpQk3h',
127 silly reify   '/Users/oguzhancankaya/Desktop/fikirnew-main/node_modules/@next/eslint-plugin-next': '/Users/oguzhancankaya/Desktop/fikirnew-main/node_modules/@next/.eslint-plugin-next-k0Sfgx4O',
127 silly reify   '/Users/oguzhancankaya/Desktop/fikirnew-main/node_modules/@next/swc-darwin-arm64': '/Users/oguzhancankaya/Desktop/fikirnew-main/node_modules/@next/.swc-darwin-arm64-nl3VV1gw',
127 silly reify   '/Users/oguzhancankaya/Desktop/fikirnew-main/node_modules/@napi-rs/wasm-runtime': '/Users/oguzhancankaya/Desktop/fikirnew-main/node_modules/@napi-rs/.wasm-runtime-Zy42YxLL',
127 silly reify   '/Users/oguzhancankaya/Desktop/fikirnew-main/node_modules/@img/sharp-darwin-arm64': '/Users/oguzhancankaya/Desktop/fikirnew-main/node_modules/@img/.sharp-darwin-arm64-Ww0YwMSg',
127 silly reify   '/Users/oguzhancankaya/Desktop/fikirnew-main/node_modules/@img/sharp-libvips-darwin-arm64': '/Users/oguzhancankaya/Desktop/fikirnew-main/node_modules/@img/.sharp-libvips-darwin-arm64-4eGPmXG7',
127 silly reify   '/Users/oguzhancankaya/Desktop/fikirnew-main/node_modules/@img/colour': '/Users/oguzhancankaya/Desktop/fikirnew-main/node_modules/@img/.colour-eLkaV7q0',
127 silly reify   '/Users/oguzhancankaya/Desktop/fikirnew-main/node_modules/@swc/helpers': '/Users/oguzhancankaya/Desktop/fikirnew-main/node_modules/@swc/.helpers-PBr2ByWJ',
127 silly reify   '/Users/oguzhancankaya/Desktop/fikirnew-main/node_modules/@tailwindcss/node': '/Users/oguzhancankaya/Desktop/fikirnew-main/node_modules/@tailwindcss/.node-iwrqBIjo',
127 silly reify   '/Users/oguzhancankaya/Desktop/fikirnew-main/node_modules/@tailwindcss/oxide': '/Users/oguzhancankaya/Desktop/fikirnew-main/node_modules/@tailwindcss/.oxide-iKzeI0Fo',
127 silly reify   '/Users/oguzhancankaya/Desktop/fikirnew-main/node_modules/@tailwindcss/oxide-darwin-arm64': '/Users/oguzhancankaya/Desktop/fikirnew-main/node_modules/@tailwindcss/.oxide-darwin-arm64-jIh5rt20',
127 silly reify   '/Users/oguzhancankaya/Desktop/fikirnew-main/node_modules/@tailwindcss/postcss': '/Users/oguzhancankaya/Desktop/fikirnew-main/node_modules/@tailwindcss/.postcss-LsQbzEWV',
127 silly reify   '/Users/oguzhancankaya/Desktop/fikirnew-main/node_modules/@tybys/wasm-util': '/Users/oguzhancankaya/Desktop/fikirnew-main/node_modules/@tybys/.wasm-util-kMBcuR52',
127 silly reify   '/Users/oguzhancankaya/Desktop/fikirnew-main/node_modules/@types/node': '/Users/oguzhancankaya/Desktop/fikirnew-main/node_modules/@types/.node-0X48iA4L',
127 silly reify   '/Users/oguzhancankaya/Desktop/fikirnew-main/node_modules/@typescript-eslint/eslint-plugin': '/Users/oguzhancankaya/Desktop/fikirnew-main/node_modules/@typescript-eslint/.eslint-plugin-kAs8LuLC',
127 silly reify   '/Users/oguzhancankaya/Desktop/fikirnew-main/node_modules/@typescript-eslint/parser': '/Users/oguzhancankaya/Desktop/fikirnew-main/node_modules/@typescript-eslint/.parser-wJUy7gRs',
127 silly reify   '/Users/oguzhancankaya/Desktop/fikirnew-main/node_modules/@typescript-eslint/scope-manager': '/Users/oguzhancankaya/Desktop/fikirnew-main/node_modules/@typescript-eslint/.scope-manager-oa0v1XZL',
127 silly reify   '/Users/oguzhancankaya/Desktop/fikirnew-main/node_modules/@typescript-eslint/project-service': '/Users/oguzhancankaya/Desktop/fikirnew-main/node_modules/@typescript-eslint/.project-service-7SKoi8CF',
127 silly reify   '/Users/oguzhancankaya/Desktop/fikirnew-main/node_modules/@typescript-eslint/tsconfig-utils': '/Users/oguzhancankaya/Desktop/fikirnew-main/node_modules/@typescript-eslint/.tsconfig-utils-n4fMAkeu',
127 silly reify   '/Users/oguzhancankaya/Desktop/fikirnew-main/node_modules/@typescript-eslint/types': '/Users/oguzhancankaya/Desktop/fikirnew-main/node_modules/@typescript-eslint/.types-cwRBmU5a',
127 silly reify   '/Users/oguzhancankaya/Desktop/fikirnew-main/node_modules/@typescript-eslint/typescript-estree': '/Users/oguzhancankaya/Desktop/fikirnew-main/node_modules/@typescript-eslint/.typescript-estree-X49Fa29U',
127 silly reify   '/Users/oguzhancankaya/Desktop/fikirnew-main/node_modules/@typescript-eslint/utils': '/Users/oguzhancankaya/Desktop/fikirnew-main/node_modules/@typescript-eslint/.utils-qQXMho0Q',
127 silly reify   '/Users/oguzhancankaya/Desktop/fikirnew-main/node_modules/@typescript-eslint/visitor-keys': '/Users/oguzhancankaya/Desktop/fikirnew-main/node_modules/@typescript-eslint/.visitor-keys-82frM1FL',
127 silly reify   '/Users/oguzhancankaya/Desktop/fikirnew-main/node_modules/@typescript-eslint/type-utils': '/Users/oguzhancankaya/Desktop/fikirnew-main/node_modules/@typescript-eslint/.type-utils-yn7VjrSE',
127 silly reify   '/Users/oguzhancankaya/Desktop/fikirnew-main/node_modules/browserslist': '/Users/oguzhancankaya/Desktop/fikirnew-main/node_modules/.browserslist-B03bsAax',
127 silly reify   '/Users/oguzhancankaya/Desktop/fikirnew-main/node_modules/.bin/browserslist': '/Users/oguzhancankaya/Desktop/fikirnew-main/node_modules/.bin/.browserslist-Nq7V45XG',
127 silly reify   '/Users/oguzhancankaya/Desktop/fikirnew-main/node_modules/is-bun-module/node_modules/semver': '/Users/oguzhancankaya/Desktop/fikirnew-main/node_modules/is-bun-module/node_modules/.semver-mS83BsvM',
127 silly reify   '/Users/oguzhancankaya/Desktop/fikirnew-main/node_modules/js-yaml': '/Users/oguzhancankaya/Desktop/fikirnew-main/node_modules/.js-yaml-foHfIOLT',
127 silly reify   '/Users/oguzhancankaya/Desktop/fikirnew-main/node_modules/.bin/js-yaml': '/Users/oguzhancankaya/Desktop/fikirnew-main/node_modules/.bin/.js-yaml-jEfFofuW',
127 silly reify   '/Users/oguzhancankaya/Desktop/fikirnew-main/node_modules/jsesc': '/Users/oguzhancankaya/Desktop/fikirnew-main/node_modules/.jsesc-7QTPJYfC',
127 silly reify   '/Users/oguzhancankaya/Desktop/fikirnew-main/node_modules/.bin/jsesc': '/Users/oguzhancankaya/Desktop/fikirnew-main/node_modules/.bin/.jsesc-YBX96FCT',
127 silly reify   '/Users/oguzhancankaya/Desktop/fikirnew-main/node_modules/json5': '/Users/oguzhancankaya/Desktop/fikirnew-main/node_modules/.json5-YL00XWbx',
127 silly reify   '/Users/oguzhancankaya/Desktop/fikirnew-main/node_modules/.bin/json5': '/Users/oguzhancankaya/Desktop/fikirnew-main/node_modules/.bin/.json5-JqqH7pFb',
127 silly reify   '/Users/oguzhancankaya/Desktop/fikirnew-main/node_modules/loose-envify': '/Users/oguzhancankaya/Desktop/fikirnew-main/node_modules/.loose-envify-ld4PXWo5',
127 silly reify   '/Users/oguzhancankaya/Desktop/fikirnew-main/node_modules/.bin/loose-envify': '/Users/oguzhancankaya/Desktop/fikirnew-main/node_modules/.bin/.loose-envify-hs1D7yEW',
127 silly reify   '/Users/oguzhancankaya/Desktop/fikirnew-main/node_modules/napi-postinstall': '/Users/oguzhancankaya/Desktop/fikirnew-main/node_modules/.napi-postinstall-qpq6sXOp',
127 silly reify   '/Users/oguzhancankaya/Desktop/fikirnew-main/node_modules/.bin/napi-postinstall': '/Users/oguzhancankaya/Desktop/fikirnew-main/node_modules/.bin/.napi-postinstall-PLvlgACA',
127 silly reify   '/Users/oguzhancankaya/Desktop/fikirnew-main/node_modules/resolve': '/Users/oguzhancankaya/Desktop/fikirnew-main/node_modules/.resolve-ebcvxa4D',
127 silly reify   '/Users/oguzhancankaya/Desktop/fikirnew-main/node_modules/.bin/resolve': '/Users/oguzhancankaya/Desktop/fikirnew-main/node_modules/.bin/.resolve-JLR186K7',
127 silly reify   '/Users/oguzhancankaya/Desktop/fikirnew-main/node_modules/semver': '/Users/oguzhancankaya/Desktop/fikirnew-main/node_modules/.semver-R6ACNkYI',
127 silly reify   '/Users/oguzhancankaya/Desktop/fikirnew-main/node_modules/.bin/semver': '/Users/oguzhancankaya/Desktop/fikirnew-main/node_modules/.bin/.semver-ztCVSplO',
127 silly reify   '/Users/oguzhancankaya/Desktop/fikirnew-main/node_modules/typescript': '/Users/oguzhancankaya/Desktop/fikirnew-main/node_modules/.typescript-pRMC5vcv',
127 silly reify   '/Users/oguzhancankaya/Desktop/fikirnew-main/node_modules/.bin/tsc': '/Users/oguzhancankaya/Desktop/fikirnew-main/node_modules/.bin/.tsc-P1AN5IDm',
127 silly reify   '/Users/oguzhancankaya/Desktop/fikirnew-main/node_modules/.bin/tsserver': '/Users/oguzhancankaya/Desktop/fikirnew-main/node_modules/.bin/.tsserver-XZhlvSsX',
127 silly reify   '/Users/oguzhancankaya/Desktop/fikirnew-main/node_modules/tsconfig-paths/node_modules/json5': '/Users/oguzhancankaya/Desktop/fikirnew-main/node_modules/tsconfig-paths/node_modules/.json5-HAkbxFy9',
127 silly reify   '/Users/oguzhancankaya/Desktop/fikirnew-main/node_modules/tsconfig-paths/node_modules/.bin/json5': '/Users/oguzhancankaya/Desktop/fikirnew-main/node_modules/tsconfig-paths/node_modules/.bin/.json5-cmZH4vxz',
127 silly reify   '/Users/oguzhancankaya/Desktop/fikirnew-main/node_modules/update-browserslist-db': '/Users/oguzhancankaya/Desktop/fikirnew-main/node_modules/.update-browserslist-db-cQ3F9SO5',
127 silly reify   '/Users/oguzhancankaya/Desktop/fikirnew-main/node_modules/.bin/update-browserslist-db': '/Users/oguzhancankaya/Desktop/fikirnew-main/node_modules/.bin/.update-browserslist-db-Yi7D6EA7',
127 silly reify   '/Users/oguzhancankaya/Desktop/fikirnew-main/node_modules/which': '/Users/oguzhancankaya/Desktop/fikirnew-main/node_modules/.which-35VP8jgc',
127 silly reify   '/Users/oguzhancankaya/Desktop/fikirnew-main/node_modules/.bin/node-which': '/Users/oguzhancankaya/Desktop/fikirnew-main/node_modules/.bin/.node-which-rFVs8jiQ'
127 silly reify }
128 http cache which@https://registry.npmjs.org/which/-/which-2.0.2.tgz 0ms (cache hit)
129 http cache update-browserslist-db@https://registry.npmjs.org/update-browserslist-db/-/update-browserslist-db-1.2.3.tgz 0ms (cache hit)
130 http cache typescript@https://registry.npmjs.org/typescript/-/typescript-5.9.3.tgz 0ms (cache hit)
131 http cache napi-postinstall@https://registry.npmjs.org/napi-postinstall/-/napi-postinstall-0.3.4.tgz 0ms (cache hit)
132 http cache semver@https://registry.npmjs.org/semver/-/semver-6.3.1.tgz 0ms (cache hit)
133 http cache loose-envify@https://registry.npmjs.org/loose-envify/-/loose-envify-1.4.0.tgz 0ms (cache hit)
134 http cache resolve@https://registry.npmjs.org/resolve/-/resolve-2.0.0-next.7.tgz 0ms (cache hit)
135 http cache json5@https://registry.npmjs.org/json5/-/json5-2.2.3.tgz 0ms (cache hit)
136 http cache browserslist@https://registry.npmjs.org/browserslist/-/browserslist-4.28.2.tgz 0ms (cache hit)
137 http cache @typescript-eslint/typescript-estree@https://registry.npmjs.org/@typescript-eslint/typescript-estree/-/typescript-estree-8.61.1.tgz 0ms (cache hit)
138 http cache @typescript-eslint/visitor-keys@https://registry.npmjs.org/@typescript-eslint/visitor-keys/-/visitor-keys-8.61.1.tgz 0ms (cache hit)
139 http cache @typescript-eslint/utils@https://registry.npmjs.org/@typescript-eslint/utils/-/utils-8.61.1.tgz 0ms (cache hit)
140 http cache @typescript-eslint/types@https://registry.npmjs.org/@typescript-eslint/types/-/types-8.61.1.tgz 0ms (cache hit)
141 http cache @typescript-eslint/project-service@https://registry.npmjs.org/@typescript-eslint/project-service/-/project-service-8.61.1.tgz 0ms (cache hit)
142 http cache @typescript-eslint/scope-manager@https://registry.npmjs.org/@typescript-eslint/scope-manager/-/scope-manager-8.61.1.tgz 0ms (cache hit)
143 http cache @typescript-eslint/parser@https://registry.npmjs.org/@typescript-eslint/parser/-/parser-8.61.1.tgz 0ms (cache hit)
144 http cache jsesc@https://registry.npmjs.org/jsesc/-/jsesc-3.1.0.tgz 0ms (cache hit)
145 http cache @typescript-eslint/tsconfig-utils@https://registry.npmjs.org/@typescript-eslint/tsconfig-utils/-/tsconfig-utils-8.61.1.tgz 0ms (cache hit)
146 http cache @types/node@https://registry.npmjs.org/@types/node/-/node-20.19.43.tgz 0ms (cache hit)
147 http cache @tailwindcss/oxide-darwin-arm64@https://registry.npmjs.org/@tailwindcss/oxide-darwin-arm64/-/oxide-darwin-arm64-4.3.1.tgz 0ms (cache hit)
148 http cache @tailwindcss/postcss@https://registry.npmjs.org/@tailwindcss/postcss/-/postcss-4.3.1.tgz 0ms (cache hit)
149 http cache @typescript-eslint/eslint-plugin@https://registry.npmjs.org/@typescript-eslint/eslint-plugin/-/eslint-plugin-8.61.1.tgz 0ms (cache hit)
150 http cache @tybys/wasm-util@https://registry.npmjs.org/@tybys/wasm-util/-/wasm-util-0.10.2.tgz 0ms (cache hit)
151 http cache @tailwindcss/oxide@https://registry.npmjs.org/@tailwindcss/oxide/-/oxide-4.3.1.tgz 0ms (cache hit)
152 http cache @tailwindcss/node@https://registry.npmjs.org/@tailwindcss/node/-/node-4.3.1.tgz 0ms (cache hit)
153 http cache @typescript-eslint/type-utils@https://registry.npmjs.org/@typescript-eslint/type-utils/-/type-utils-8.61.1.tgz 0ms (cache hit)
154 http cache @napi-rs/wasm-runtime@https://registry.npmjs.org/@napi-rs/wasm-runtime/-/wasm-runtime-1.1.5.tgz 0ms (cache hit)
155 http cache @img/sharp-libvips-darwin-arm64@https://registry.npmjs.org/@img/sharp-libvips-darwin-arm64/-/sharp-libvips-darwin-arm64-1.2.4.tgz 0ms (cache hit)
156 http cache @swc/helpers@https://registry.npmjs.org/@swc/helpers/-/helpers-0.5.15.tgz 0ms (cache hit)
157 http cache @img/colour@https://registry.npmjs.org/@img/colour/-/colour-1.1.0.tgz 0ms (cache hit)
158 http cache @next/swc-darwin-arm64@https://registry.npmjs.org/@next/swc-darwin-arm64/-/swc-darwin-arm64-16.2.9.tgz 0ms (cache hit)
159 http cache @img/sharp-darwin-arm64@https://registry.npmjs.org/@img/sharp-darwin-arm64/-/sharp-darwin-arm64-0.34.5.tgz 0ms (cache hit)
160 http cache @babel/parser@https://registry.npmjs.org/@babel/parser/-/parser-7.29.7.tgz 0ms (cache hit)
161 http cache @next/env@https://registry.npmjs.org/@next/env/-/env-16.2.9.tgz 0ms (cache hit)
162 http cache @next/eslint-plugin-next@https://registry.npmjs.org/@next/eslint-plugin-next/-/eslint-plugin-next-16.2.9.tgz 0ms (cache hit)
163 http cache @gsap/react@https://registry.npmjs.org/@gsap/react/-/react-2.1.2.tgz 0ms (cache hit)
164 http cache js-yaml@https://registry.npmjs.org/js-yaml/-/js-yaml-4.2.0.tgz 0ms (cache hit)
165 http cache @babel/template@https://registry.npmjs.org/@babel/template/-/template-7.29.7.tgz 0ms (cache hit)
166 http cache @babel/helpers@https://registry.npmjs.org/@babel/helpers/-/helpers-7.29.7.tgz 0ms (cache hit)
167 http cache @babel/helper-validator-option@https://registry.npmjs.org/@babel/helper-validator-option/-/helper-validator-option-7.29.7.tgz 0ms (cache hit)
168 http cache @babel/traverse@https://registry.npmjs.org/@babel/traverse/-/traverse-7.29.7.tgz 0ms (cache hit)
169 http cache @babel/helper-validator-identifier@https://registry.npmjs.org/@babel/helper-validator-identifier/-/helper-validator-identifier-7.29.7.tgz 0ms (cache hit)
170 http cache @babel/helper-module-transforms@https://registry.npmjs.org/@babel/helper-module-transforms/-/helper-module-transforms-7.29.7.tgz 0ms (cache hit)
171 http cache @babel/helper-string-parser@https://registry.npmjs.org/@babel/helper-string-parser/-/helper-string-parser-7.29.7.tgz 0ms (cache hit)
172 http cache @babel/generator@https://registry.npmjs.org/@babel/generator/-/generator-7.29.7.tgz 0ms (cache hit)
173 http cache @babel/core@https://registry.npmjs.org/@babel/core/-/core-7.29.7.tgz 0ms (cache hit)
174 http cache @babel/helper-module-imports@https://registry.npmjs.org/@babel/helper-module-imports/-/helper-module-imports-7.29.7.tgz 0ms (cache hit)
175 http cache @babel/compat-data@https://registry.npmjs.org/@babel/compat-data/-/compat-data-7.29.7.tgz 0ms (cache hit)
176 http cache @babel/helper-compilation-targets@https://registry.npmjs.org/@babel/helper-compilation-targets/-/helper-compilation-targets-7.29.7.tgz 0ms (cache hit)
177 http cache @eslint/config-helpers@https://registry.npmjs.org/@eslint/config-helpers/-/config-helpers-0.4.2.tgz 0ms (cache hit)
178 http cache @babel/code-frame@https://registry.npmjs.org/@babel/code-frame/-/code-frame-7.29.7.tgz 0ms (cache hit)
179 http cache @eslint/object-schema@https://registry.npmjs.org/@eslint/object-schema/-/object-schema-2.1.7.tgz 0ms (cache hit)
180 http cache @eslint/js@https://registry.npmjs.org/@eslint/js/-/js-9.39.4.tgz 0ms (cache hit)
181 http cache @eslint/plugin-kit@https://registry.npmjs.org/@eslint/plugin-kit/-/plugin-kit-0.4.1.tgz 0ms (cache hit)
182 http cache @eslint/eslintrc@https://registry.npmjs.org/@eslint/eslintrc/-/eslintrc-3.3.5.tgz 0ms (cache hit)
183 http cache @eslint/config-array@https://registry.npmjs.org/@eslint/config-array/-/config-array-0.21.2.tgz 0ms (cache hit)
184 http cache @eslint/core@https://registry.npmjs.org/@eslint/core/-/core-0.17.0.tgz 0ms (cache hit)
185 http cache @babel/helper-globals@https://registry.npmjs.org/@babel/helper-globals/-/helper-globals-7.29.7.tgz 0ms (cache hit)
186 http cache @emnapi/runtime@https://registry.npmjs.org/@emnapi/runtime/-/runtime-1.11.1.tgz 0ms (cache hit)
187 http cache @emnapi/core@https://registry.npmjs.org/@emnapi/core/-/core-1.10.0.tgz 0ms (cache hit)
188 http cache typescript-eslint@https://registry.npmjs.org/typescript-eslint/-/typescript-eslint-8.61.1.tgz 0ms (cache hit)
189 http cache which-typed-array@https://registry.npmjs.org/which-typed-array/-/which-typed-array-1.1.22.tgz 0ms (cache hit)
190 http cache tapable@https://registry.npmjs.org/tapable/-/tapable-2.3.3.tgz 0ms (cache hit)
191 http cache styled-jsx@https://registry.npmjs.org/styled-jsx/-/styled-jsx-5.1.6.tgz 0ms (cache hit)
192 http cache @emnapi/wasi-threads@https://registry.npmjs.org/@emnapi/wasi-threads/-/wasi-threads-1.2.1.tgz 0ms (cache hit)
193 http cache string.prototype.trimend@https://registry.npmjs.org/string.prototype.trimend/-/string.prototype.trimend-1.0.10.tgz 0ms (cache hit)
194 http cache string.prototype.trim@https://registry.npmjs.org/string.prototype.trim/-/string.prototype.trim-1.2.11.tgz 0ms (cache hit)
195 http cache tailwindcss@https://registry.npmjs.org/tailwindcss/-/tailwindcss-4.3.1.tgz 0ms (cache hit)
196 http cache sql-escaper@https://registry.npmjs.org/sql-escaper/-/sql-escaper-1.3.3.tgz 0ms (cache hit)
197 http cache sharp@https://registry.npmjs.org/sharp/-/sharp-0.34.5.tgz 0ms (cache hit)
198 http cache react-dom@https://registry.npmjs.org/react-dom/-/react-dom-19.2.4.tgz 0ms (cache hit)
199 http cache node-releases@https://registry.npmjs.org/node-releases/-/node-releases-2.0.48.tgz 0ms (cache hit)
200 http cache next@https://registry.npmjs.org/next/-/next-16.2.9.tgz 0ms (cache hit)
201 http cache react@https://registry.npmjs.org/react/-/react-19.2.4.tgz 0ms (cache hit)
202 http cache mysql2@https://registry.npmjs.org/mysql2/-/mysql2-3.22.5.tgz 0ms (cache hit)
203 http cache side-channel@https://registry.npmjs.org/side-channel/-/side-channel-1.1.1.tgz 0ms (cache hit)
204 http cache nanoid@https://registry.npmjs.org/nanoid/-/nanoid-3.3.14.tgz 0ms (cache hit)
205 http cache magic-string@https://registry.npmjs.org/magic-string/-/magic-string-0.30.21.tgz 0ms (cache hit)
206 http cache lru.min@https://registry.npmjs.org/lru.min/-/lru.min-1.1.4.tgz 0ms (cache hit)
207 http cache named-placeholders@https://registry.npmjs.org/named-placeholders/-/named-placeholders-1.1.6.tgz 0ms (cache hit)
208 http cache lightningcss-darwin-arm64@https://registry.npmjs.org/lightningcss-darwin-arm64/-/lightningcss-darwin-arm64-1.32.0.tgz 0ms (cache hit)
209 http cache lenis@https://registry.npmjs.org/lenis/-/lenis-1.3.23.tgz 0ms (cache hit)
210 http cache lucide-react@https://registry.npmjs.org/lucide-react/-/lucide-react-1.21.0.tgz 0ms (cache hit)
211 http cache lightningcss@https://registry.npmjs.org/lightningcss/-/lightningcss-1.32.0.tgz 0ms (cache hit)
212 http cache long@https://registry.npmjs.org/long/-/long-5.3.2.tgz 0ms (cache hit)
213 http cache is-property@https://registry.npmjs.org/is-property/-/is-property-1.0.2.tgz 0ms (cache hit)
214 http cache iconv-lite@https://registry.npmjs.org/iconv-lite/-/iconv-lite-0.7.2.tgz 0ms (cache hit)
215 http cache gsap@https://registry.npmjs.org/gsap/-/gsap-3.15.0.tgz 0ms (cache hit)
216 http cache is-document.all@https://registry.npmjs.org/is-document.all/-/is-document.all-1.0.0.tgz 0ms (cache hit)
217 http cache generate-function@https://registry.npmjs.org/generate-function/-/generate-function-2.3.1.tgz 0ms (cache hit)
218 http cache espree@https://registry.npmjs.org/espree/-/espree-10.4.0.tgz 0ms (cache hit)
219 http cache eslint-visitor-keys@https://registry.npmjs.org/eslint-visitor-keys/-/eslint-visitor-keys-4.2.1.tgz 0ms (cache hit)
220 http cache eslint-scope@https://registry.npmjs.org/eslint-scope/-/eslint-scope-8.4.0.tgz 0ms (cache hit)
221 http cache function.prototype.name@https://registry.npmjs.org/function.prototype.name/-/function.prototype.name-1.2.0.tgz 0ms (cache hit)
222 http cache eslint-config-next@https://registry.npmjs.org/eslint-config-next/-/eslint-config-next-16.2.9.tgz 0ms (cache hit)
223 http cache jiti@https://registry.npmjs.org/jiti/-/jiti-2.7.0.tgz 0ms (cache hit)
224 http cache es-to-primitive@https://registry.npmjs.org/es-to-primitive/-/es-to-primitive-1.3.1.tgz 0ms (cache hit)
225 http cache es-iterator-helpers@https://registry.npmjs.org/es-iterator-helpers/-/es-iterator-helpers-1.3.3.tgz 0ms (cache hit)
226 http cache fast-glob@https://registry.npmjs.org/fast-glob/-/fast-glob-3.3.1.tgz 0ms (cache hit)
227 http cache electron-to-chromium@https://registry.npmjs.org/electron-to-chromium/-/electron-to-chromium-1.5.376.tgz 0ms (cache hit)
228 http cache eslint@https://registry.npmjs.org/eslint/-/eslint-9.39.4.tgz 0ms (cache hit)
229 http cache es-abstract-get@https://registry.npmjs.org/es-abstract-get/-/es-abstract-get-1.0.0.tgz 0ms (cache hit)
230 http cache denque@https://registry.npmjs.org/denque/-/denque-2.1.0.tgz 0ms (cache hit)
231 http cache enhanced-resolve@https://registry.npmjs.org/enhanced-resolve/-/enhanced-resolve-5.21.6.tgz 0ms (cache hit)
232 http cache baseline-browser-mapping@https://registry.npmjs.org/baseline-browser-mapping/-/baseline-browser-mapping-2.10.38.tgz 0ms (cache hit)
233 http cache aws-ssl-profiles@https://registry.npmjs.org/aws-ssl-profiles/-/aws-ssl-profiles-1.1.2.tgz 0ms (cache hit)
234 http cache globals@https://registry.npmjs.org/globals/-/globals-14.0.0.tgz 0ms (cache hit)
235 http cache acorn@https://registry.npmjs.org/acorn/-/acorn-8.17.0.tgz 0ms (cache hit)
236 http cache caniuse-lite@https://registry.npmjs.org/caniuse-lite/-/caniuse-lite-1.0.30001799.tgz 0ms (cache hit)
237 http cache semver@https://registry.npmjs.org/semver/-/semver-7.8.5.tgz 0ms (cache hit)
238 http cache json5@https://registry.npmjs.org/json5/-/json5-1.0.2.tgz 0ms (cache hit)
239 http cache axe-core@https://registry.npmjs.org/axe-core/-/axe-core-4.12.1.tgz 0ms (cache hit)
240 http cache semver@https://registry.npmjs.org/semver/-/semver-7.8.5.tgz 0ms (cache hit)
241 silly tarball no local data for which@https://registry.npmjs.org/which/-/which-2.0.2.tgz. Extracting by manifest.
242 silly tarball no local data for update-browserslist-db@https://registry.npmjs.org/update-browserslist-db/-/update-browserslist-db-1.2.3.tgz. Extracting by manifest.
243 http cache globals@https://registry.npmjs.org/globals/-/globals-16.4.0.tgz 0ms (cache hit)
244 http cache semver@https://registry.npmjs.org/semver/-/semver-7.8.5.tgz 0ms (cache hit)
245 silly tarball no local data for typescript@https://registry.npmjs.org/typescript/-/typescript-5.9.3.tgz. Extracting by manifest.
246 silly tarball no local data for napi-postinstall@https://registry.npmjs.org/napi-postinstall/-/napi-postinstall-0.3.4.tgz. Extracting by manifest.
247 silly tarball no local data for semver@https://registry.npmjs.org/semver/-/semver-6.3.1.tgz. Extracting by manifest.
248 silly tarball no local data for loose-envify@https://registry.npmjs.org/loose-envify/-/loose-envify-1.4.0.tgz. Extracting by manifest.
249 silly tarball no local data for resolve@https://registry.npmjs.org/resolve/-/resolve-2.0.0-next.7.tgz. Extracting by manifest.
250 silly tarball no local data for json5@https://registry.npmjs.org/json5/-/json5-2.2.3.tgz. Extracting by manifest.
251 silly tarball no local data for browserslist@https://registry.npmjs.org/browserslist/-/browserslist-4.28.2.tgz. Extracting by manifest.
252 silly tarball no local data for @typescript-eslint/typescript-estree@https://registry.npmjs.org/@typescript-eslint/typescript-estree/-/typescript-estree-8.61.1.tgz. Extracting by manifest.
253 silly tarball no local data for @typescript-eslint/visitor-keys@https://registry.npmjs.org/@typescript-eslint/visitor-keys/-/visitor-keys-8.61.1.tgz. Extracting by manifest.
254 silly tarball no local data for @typescript-eslint/utils@https://registry.npmjs.org/@typescript-eslint/utils/-/utils-8.61.1.tgz. Extracting by manifest.
255 silly tarball no local data for @typescript-eslint/types@https://registry.npmjs.org/@typescript-eslint/types/-/types-8.61.1.tgz. Extracting by manifest.
256 silly tarball no local data for @typescript-eslint/project-service@https://registry.npmjs.org/@typescript-eslint/project-service/-/project-service-8.61.1.tgz. Extracting by manifest.
257 silly tarball no local data for @typescript-eslint/scope-manager@https://registry.npmjs.org/@typescript-eslint/scope-manager/-/scope-manager-8.61.1.tgz. Extracting by manifest.
258 silly tarball no local data for @typescript-eslint/parser@https://registry.npmjs.org/@typescript-eslint/parser/-/parser-8.61.1.tgz. Extracting by manifest.
259 silly tarball no local data for jsesc@https://registry.npmjs.org/jsesc/-/jsesc-3.1.0.tgz. Extracting by manifest.
260 silly tarball no local data for @typescript-eslint/tsconfig-utils@https://registry.npmjs.org/@typescript-eslint/tsconfig-utils/-/tsconfig-utils-8.61.1.tgz. Extracting by manifest.
261 silly tarball no local data for @types/node@https://registry.npmjs.org/@types/node/-/node-20.19.43.tgz. Extracting by manifest.
262 silly tarball no local data for @tailwindcss/oxide-darwin-arm64@https://registry.npmjs.org/@tailwindcss/oxide-darwin-arm64/-/oxide-darwin-arm64-4.3.1.tgz. Extracting by manifest.
263 silly tarball no local data for @tailwindcss/postcss@https://registry.npmjs.org/@tailwindcss/postcss/-/postcss-4.3.1.tgz. Extracting by manifest.
264 silly tarball no local data for @typescript-eslint/eslint-plugin@https://registry.npmjs.org/@typescript-eslint/eslint-plugin/-/eslint-plugin-8.61.1.tgz. Extracting by manifest.
265 silly tarball no local data for @tybys/wasm-util@https://registry.npmjs.org/@tybys/wasm-util/-/wasm-util-0.10.2.tgz. Extracting by manifest.
266 silly tarball no local data for @tailwindcss/oxide@https://registry.npmjs.org/@tailwindcss/oxide/-/oxide-4.3.1.tgz. Extracting by manifest.
267 silly tarball no local data for @tailwindcss/node@https://registry.npmjs.org/@tailwindcss/node/-/node-4.3.1.tgz. Extracting by manifest.
268 silly tarball no local data for @typescript-eslint/type-utils@https://registry.npmjs.org/@typescript-eslint/type-utils/-/type-utils-8.61.1.tgz. Extracting by manifest.
269 silly tarball no local data for @napi-rs/wasm-runtime@https://registry.npmjs.org/@napi-rs/wasm-runtime/-/wasm-runtime-1.1.5.tgz. Extracting by manifest.
270 silly tarball no local data for @img/sharp-libvips-darwin-arm64@https://registry.npmjs.org/@img/sharp-libvips-darwin-arm64/-/sharp-libvips-darwin-arm64-1.2.4.tgz. Extracting by manifest.
271 silly tarball no local data for @swc/helpers@https://registry.npmjs.org/@swc/helpers/-/helpers-0.5.15.tgz. Extracting by manifest.
272 silly tarball no local data for @img/colour@https://registry.npmjs.org/@img/colour/-/colour-1.1.0.tgz. Extracting by manifest.
273 silly tarball no local data for @next/swc-darwin-arm64@https://registry.npmjs.org/@next/swc-darwin-arm64/-/swc-darwin-arm64-16.2.9.tgz. Extracting by manifest.
274 silly tarball no local data for @img/sharp-darwin-arm64@https://registry.npmjs.org/@img/sharp-darwin-arm64/-/sharp-darwin-arm64-0.34.5.tgz. Extracting by manifest.
275 silly tarball no local data for @babel/parser@https://registry.npmjs.org/@babel/parser/-/parser-7.29.7.tgz. Extracting by manifest.
276 silly tarball no local data for @next/env@https://registry.npmjs.org/@next/env/-/env-16.2.9.tgz. Extracting by manifest.
277 silly tarball no local data for @next/eslint-plugin-next@https://registry.npmjs.org/@next/eslint-plugin-next/-/eslint-plugin-next-16.2.9.tgz. Extracting by manifest.
278 silly tarball no local data for @gsap/react@https://registry.npmjs.org/@gsap/react/-/react-2.1.2.tgz. Extracting by manifest.
279 silly tarball no local data for js-yaml@https://registry.npmjs.org/js-yaml/-/js-yaml-4.2.0.tgz. Extracting by manifest.
280 silly tarball no local data for @babel/template@https://registry.npmjs.org/@babel/template/-/template-7.29.7.tgz. Extracting by manifest.
281 silly tarball no local data for @babel/helpers@https://registry.npmjs.org/@babel/helpers/-/helpers-7.29.7.tgz. Extracting by manifest.
282 silly tarball no local data for @babel/helper-validator-option@https://registry.npmjs.org/@babel/helper-validator-option/-/helper-validator-option-7.29.7.tgz. Extracting by manifest.
283 silly tarball no local data for @babel/traverse@https://registry.npmjs.org/@babel/traverse/-/traverse-7.29.7.tgz. Extracting by manifest.
284 silly tarball no local data for @babel/helper-validator-identifier@https://registry.npmjs.org/@babel/helper-validator-identifier/-/helper-validator-identifier-7.29.7.tgz. Extracting by manifest.
285 silly tarball no local data for @babel/helper-module-transforms@https://registry.npmjs.org/@babel/helper-module-transforms/-/helper-module-transforms-7.29.7.tgz. Extracting by manifest.
286 silly tarball no local data for @babel/helper-string-parser@https://registry.npmjs.org/@babel/helper-string-parser/-/helper-string-parser-7.29.7.tgz. Extracting by manifest.
287 silly tarball no local data for @babel/generator@https://registry.npmjs.org/@babel/generator/-/generator-7.29.7.tgz. Extracting by manifest.
288 silly tarball no local data for @babel/core@https://registry.npmjs.org/@babel/core/-/core-7.29.7.tgz. Extracting by manifest.
289 silly tarball no local data for @babel/helper-module-imports@https://registry.npmjs.org/@babel/helper-module-imports/-/helper-module-imports-7.29.7.tgz. Extracting by manifest.
290 silly tarball no local data for @babel/compat-data@https://registry.npmjs.org/@babel/compat-data/-/compat-data-7.29.7.tgz. Extracting by manifest.
291 silly tarball no local data for @babel/helper-compilation-targets@https://registry.npmjs.org/@babel/helper-compilation-targets/-/helper-compilation-targets-7.29.7.tgz. Extracting by manifest.
292 silly tarball no local data for @eslint/config-helpers@https://registry.npmjs.org/@eslint/config-helpers/-/config-helpers-0.4.2.tgz. Extracting by manifest.
293 silly tarball no local data for @babel/code-frame@https://registry.npmjs.org/@babel/code-frame/-/code-frame-7.29.7.tgz. Extracting by manifest.
294 silly tarball no local data for @eslint/object-schema@https://registry.npmjs.org/@eslint/object-schema/-/object-schema-2.1.7.tgz. Extracting by manifest.
295 silly tarball no local data for @eslint/js@https://registry.npmjs.org/@eslint/js/-/js-9.39.4.tgz. Extracting by manifest.
296 silly tarball no local data for @eslint/plugin-kit@https://registry.npmjs.org/@eslint/plugin-kit/-/plugin-kit-0.4.1.tgz. Extracting by manifest.
297 silly tarball no local data for @eslint/eslintrc@https://registry.npmjs.org/@eslint/eslintrc/-/eslintrc-3.3.5.tgz. Extracting by manifest.
298 silly tarball no local data for @eslint/config-array@https://registry.npmjs.org/@eslint/config-array/-/config-array-0.21.2.tgz. Extracting by manifest.
299 silly tarball no local data for @eslint/core@https://registry.npmjs.org/@eslint/core/-/core-0.17.0.tgz. Extracting by manifest.
300 silly tarball no local data for @babel/helper-globals@https://registry.npmjs.org/@babel/helper-globals/-/helper-globals-7.29.7.tgz. Extracting by manifest.
301 silly tarball no local data for @emnapi/runtime@https://registry.npmjs.org/@emnapi/runtime/-/runtime-1.11.1.tgz. Extracting by manifest.
302 silly tarball no local data for @emnapi/core@https://registry.npmjs.org/@emnapi/core/-/core-1.10.0.tgz. Extracting by manifest.
303 silly tarball no local data for typescript-eslint@https://registry.npmjs.org/typescript-eslint/-/typescript-eslint-8.61.1.tgz. Extracting by manifest.
304 silly tarball no local data for which-typed-array@https://registry.npmjs.org/which-typed-array/-/which-typed-array-1.1.22.tgz. Extracting by manifest.
305 silly tarball no local data for tapable@https://registry.npmjs.org/tapable/-/tapable-2.3.3.tgz. Extracting by manifest.
306 silly tarball no local data for styled-jsx@https://registry.npmjs.org/styled-jsx/-/styled-jsx-5.1.6.tgz. Extracting by manifest.
307 silly tarball no local data for @emnapi/wasi-threads@https://registry.npmjs.org/@emnapi/wasi-threads/-/wasi-threads-1.2.1.tgz. Extracting by manifest.
308 silly tarball no local data for string.prototype.trimend@https://registry.npmjs.org/string.prototype.trimend/-/string.prototype.trimend-1.0.10.tgz. Extracting by manifest.
309 silly tarball no local data for string.prototype.trim@https://registry.npmjs.org/string.prototype.trim/-/string.prototype.trim-1.2.11.tgz. Extracting by manifest.
310 silly tarball no local data for tailwindcss@https://registry.npmjs.org/tailwindcss/-/tailwindcss-4.3.1.tgz. Extracting by manifest.
311 silly tarball no local data for sql-escaper@https://registry.npmjs.org/sql-escaper/-/sql-escaper-1.3.3.tgz. Extracting by manifest.
312 silly tarball no local data for sharp@https://registry.npmjs.org/sharp/-/sharp-0.34.5.tgz. Extracting by manifest.
313 silly tarball no local data for react-dom@https://registry.npmjs.org/react-dom/-/react-dom-19.2.4.tgz. Extracting by manifest.
314 silly tarball no local data for node-releases@https://registry.npmjs.org/node-releases/-/node-releases-2.0.48.tgz. Extracting by manifest.
315 silly tarball no local data for next@https://registry.npmjs.org/next/-/next-16.2.9.tgz. Extracting by manifest.
316 silly tarball no local data for react@https://registry.npmjs.org/react/-/react-19.2.4.tgz. Extracting by manifest.
317 silly tarball no local data for mysql2@https://registry.npmjs.org/mysql2/-/mysql2-3.22.5.tgz. Extracting by manifest.
318 silly tarball no local data for side-channel@https://registry.npmjs.org/side-channel/-/side-channel-1.1.1.tgz. Extracting by manifest.
319 http cache @babel/types@https://registry.npmjs.org/@babel/types/-/types-7.29.7.tgz 0ms (cache hit)
320 silly tarball no local data for nanoid@https://registry.npmjs.org/nanoid/-/nanoid-3.3.14.tgz. Extracting by manifest.
321 silly tarball no local data for magic-string@https://registry.npmjs.org/magic-string/-/magic-string-0.30.21.tgz. Extracting by manifest.
322 silly tarball no local data for lru.min@https://registry.npmjs.org/lru.min/-/lru.min-1.1.4.tgz. Extracting by manifest.
323 silly tarball no local data for named-placeholders@https://registry.npmjs.org/named-placeholders/-/named-placeholders-1.1.6.tgz. Extracting by manifest.
324 silly tarball no local data for lightningcss-darwin-arm64@https://registry.npmjs.org/lightningcss-darwin-arm64/-/lightningcss-darwin-arm64-1.32.0.tgz. Extracting by manifest.
325 silly tarball no local data for lenis@https://registry.npmjs.org/lenis/-/lenis-1.3.23.tgz. Extracting by manifest.
326 silly tarball no local data for lucide-react@https://registry.npmjs.org/lucide-react/-/lucide-react-1.21.0.tgz. Extracting by manifest.
327 silly tarball no local data for lightningcss@https://registry.npmjs.org/lightningcss/-/lightningcss-1.32.0.tgz. Extracting by manifest.
328 silly tarball no local data for long@https://registry.npmjs.org/long/-/long-5.3.2.tgz. Extracting by manifest.
329 silly tarball no local data for is-property@https://registry.npmjs.org/is-property/-/is-property-1.0.2.tgz. Extracting by manifest.
330 silly tarball no local data for iconv-lite@https://registry.npmjs.org/iconv-lite/-/iconv-lite-0.7.2.tgz. Extracting by manifest.
331 silly tarball no local data for gsap@https://registry.npmjs.org/gsap/-/gsap-3.15.0.tgz. Extracting by manifest.
332 silly tarball no local data for is-document.all@https://registry.npmjs.org/is-document.all/-/is-document.all-1.0.0.tgz. Extracting by manifest.
333 silly tarball no local data for generate-function@https://registry.npmjs.org/generate-function/-/generate-function-2.3.1.tgz. Extracting by manifest.
334 silly tarball no local data for espree@https://registry.npmjs.org/espree/-/espree-10.4.0.tgz. Extracting by manifest.
335 silly tarball no local data for eslint-visitor-keys@https://registry.npmjs.org/eslint-visitor-keys/-/eslint-visitor-keys-4.2.1.tgz. Extracting by manifest.
336 silly tarball no local data for eslint-scope@https://registry.npmjs.org/eslint-scope/-/eslint-scope-8.4.0.tgz. Extracting by manifest.
337 silly tarball no local data for function.prototype.name@https://registry.npmjs.org/function.prototype.name/-/function.prototype.name-1.2.0.tgz. Extracting by manifest.
338 silly tarball no local data for eslint-config-next@https://registry.npmjs.org/eslint-config-next/-/eslint-config-next-16.2.9.tgz. Extracting by manifest.
339 silly tarball no local data for jiti@https://registry.npmjs.org/jiti/-/jiti-2.7.0.tgz. Extracting by manifest.
340 silly tarball no local data for es-to-primitive@https://registry.npmjs.org/es-to-primitive/-/es-to-primitive-1.3.1.tgz. Extracting by manifest.
341 silly tarball no local data for es-iterator-helpers@https://registry.npmjs.org/es-iterator-helpers/-/es-iterator-helpers-1.3.3.tgz. Extracting by manifest.
342 silly tarball no local data for fast-glob@https://registry.npmjs.org/fast-glob/-/fast-glob-3.3.1.tgz. Extracting by manifest.
343 silly tarball no local data for electron-to-chromium@https://registry.npmjs.org/electron-to-chromium/-/electron-to-chromium-1.5.376.tgz. Extracting by manifest.
344 silly tarball no local data for eslint@https://registry.npmjs.org/eslint/-/eslint-9.39.4.tgz. Extracting by manifest.
345 silly tarball no local data for es-abstract-get@https://registry.npmjs.org/es-abstract-get/-/es-abstract-get-1.0.0.tgz. Extracting by manifest.
346 silly tarball no local data for denque@https://registry.npmjs.org/denque/-/denque-2.1.0.tgz. Extracting by manifest.
347 silly tarball no local data for enhanced-resolve@https://registry.npmjs.org/enhanced-resolve/-/enhanced-resolve-5.21.6.tgz. Extracting by manifest.
348 silly tarball no local data for baseline-browser-mapping@https://registry.npmjs.org/baseline-browser-mapping/-/baseline-browser-mapping-2.10.38.tgz. Extracting by manifest.
349 silly tarball no local data for aws-ssl-profiles@https://registry.npmjs.org/aws-ssl-profiles/-/aws-ssl-profiles-1.1.2.tgz. Extracting by manifest.
350 silly tarball no local data for globals@https://registry.npmjs.org/globals/-/globals-14.0.0.tgz. Extracting by manifest.
351 silly tarball no local data for acorn@https://registry.npmjs.org/acorn/-/acorn-8.17.0.tgz. Extracting by manifest.
352 silly tarball no local data for caniuse-lite@https://registry.npmjs.org/caniuse-lite/-/caniuse-lite-1.0.30001799.tgz. Extracting by manifest.
353 silly tarball no local data for semver@https://registry.npmjs.org/semver/-/semver-7.8.5.tgz. Extracting by manifest.
354 silly tarball no local data for json5@https://registry.npmjs.org/json5/-/json5-1.0.2.tgz. Extracting by manifest.
355 silly tarball no local data for axe-core@https://registry.npmjs.org/axe-core/-/axe-core-4.12.1.tgz. Extracting by manifest.
356 silly tarball no local data for semver@https://registry.npmjs.org/semver/-/semver-7.8.5.tgz. Extracting by manifest.
357 silly tarball no local data for globals@https://registry.npmjs.org/globals/-/globals-16.4.0.tgz. Extracting by manifest.
358 silly tarball no local data for semver@https://registry.npmjs.org/semver/-/semver-7.8.5.tgz. Extracting by manifest.
359 silly tarball no local data for @babel/types@https://registry.npmjs.org/@babel/types/-/types-7.29.7.tgz. Extracting by manifest.
360 http fetch GET https://registry.npmjs.org/which/-/which-2.0.2.tgz attempt 1 failed with ENOTFOUND
361 http fetch GET https://registry.npmjs.org/update-browserslist-db/-/update-browserslist-db-1.2.3.tgz attempt 1 failed with ENOTFOUND
362 http fetch GET https://registry.npmjs.org/typescript/-/typescript-5.9.3.tgz attempt 1 failed with ENOTFOUND
363 http fetch GET https://registry.npmjs.org/napi-postinstall/-/napi-postinstall-0.3.4.tgz attempt 1 failed with ENOTFOUND
364 http fetch GET https://registry.npmjs.org/semver/-/semver-6.3.1.tgz attempt 1 failed with ENOTFOUND
365 http fetch GET https://registry.npmjs.org/loose-envify/-/loose-envify-1.4.0.tgz attempt 1 failed with ENOTFOUND
366 http fetch GET https://registry.npmjs.org/resolve/-/resolve-2.0.0-next.7.tgz attempt 1 failed with ENOTFOUND
367 http fetch GET https://registry.npmjs.org/json5/-/json5-2.2.3.tgz attempt 1 failed with ENOTFOUND
368 http fetch GET https://registry.npmjs.org/browserslist/-/browserslist-4.28.2.tgz attempt 1 failed with ENOTFOUND
369 http fetch GET https://registry.npmjs.org/@typescript-eslint/typescript-estree/-/typescript-estree-8.61.1.tgz attempt 1 failed with ENOTFOUND
370 http fetch GET https://registry.npmjs.org/@typescript-eslint/visitor-keys/-/visitor-keys-8.61.1.tgz attempt 1 failed with ENOTFOUND
371 http fetch GET https://registry.npmjs.org/@typescript-eslint/utils/-/utils-8.61.1.tgz attempt 1 failed with ENOTFOUND
372 http fetch GET https://registry.npmjs.org/@typescript-eslint/types/-/types-8.61.1.tgz attempt 1 failed with ENOTFOUND
373 http fetch GET https://registry.npmjs.org/@typescript-eslint/project-service/-/project-service-8.61.1.tgz attempt 1 failed with ENOTFOUND
374 http fetch GET https://registry.npmjs.org/@typescript-eslint/scope-manager/-/scope-manager-8.61.1.tgz attempt 1 failed with ENOTFOUND
375 http fetch GET https://registry.npmjs.org/globals/-/globals-16.4.0.tgz attempt 1 failed with ENOTFOUND
376 http fetch GET https://registry.npmjs.org/semver/-/semver-7.8.5.tgz attempt 1 failed with ENOTFOUND
377 http fetch GET https://registry.npmjs.org/@babel/types/-/types-7.29.7.tgz attempt 1 failed with ENOTFOUND
378 http fetch GET https://registry.npmjs.org/npm attempt 2 failed with ENOTFOUND
379 http fetch GET https://registry.npmjs.org/which/-/which-2.0.2.tgz attempt 2 failed with ENOTFOUND
380 http fetch GET https://registry.npmjs.org/update-browserslist-db/-/update-browserslist-db-1.2.3.tgz attempt 2 failed with ENOTFOUND
381 http fetch GET https://registry.npmjs.org/typescript/-/typescript-5.9.3.tgz attempt 2 failed with ENOTFOUND
382 http fetch GET https://registry.npmjs.org/napi-postinstall/-/napi-postinstall-0.3.4.tgz attempt 2 failed with ENOTFOUND
383 http fetch GET https://registry.npmjs.org/semver/-/semver-6.3.1.tgz attempt 2 failed with ENOTFOUND
384 http fetch GET https://registry.npmjs.org/loose-envify/-/loose-envify-1.4.0.tgz attempt 2 failed with ENOTFOUND
385 http fetch GET https://registry.npmjs.org/resolve/-/resolve-2.0.0-next.7.tgz attempt 2 failed with ENOTFOUND
386 http fetch GET https://registry.npmjs.org/json5/-/json5-2.2.3.tgz attempt 2 failed with ENOTFOUND
387 http fetch GET https://registry.npmjs.org/browserslist/-/browserslist-4.28.2.tgz attempt 2 failed with ENOTFOUND
388 http fetch GET https://registry.npmjs.org/@typescript-eslint/typescript-estree/-/typescript-estree-8.61.1.tgz attempt 2 failed with ENOTFOUND
389 http fetch GET https://registry.npmjs.org/@typescript-eslint/visitor-keys/-/visitor-keys-8.61.1.tgz attempt 2 failed with ENOTFOUND
390 http fetch GET https://registry.npmjs.org/@typescript-eslint/utils/-/utils-8.61.1.tgz attempt 2 failed with ENOTFOUND
391 http fetch GET https://registry.npmjs.org/@typescript-eslint/types/-/types-8.61.1.tgz attempt 2 failed with ENOTFOUND
392 http fetch GET https://registry.npmjs.org/@typescript-eslint/project-service/-/project-service-8.61.1.tgz attempt 2 failed with ENOTFOUND
393 http fetch GET https://registry.npmjs.org/@typescript-eslint/scope-manager/-/scope-manager-8.61.1.tgz attempt 2 failed with ENOTFOUND
394 http fetch GET https://registry.npmjs.org/globals/-/globals-16.4.0.tgz attempt 2 failed with ENOTFOUND
395 http fetch GET https://registry.npmjs.org/semver/-/semver-7.8.5.tgz attempt 2 failed with ENOTFOUND
396 http fetch GET https://registry.npmjs.org/@babel/types/-/types-7.29.7.tgz attempt 2 failed with ENOTFOUND
397 http fetch GET https://registry.npmjs.org/npm attempt 3 failed with ENOTFOUND
398 http fetch GET https://registry.npmjs.org/which/-/which-2.0.2.tgz attempt 3 failed with ENOTFOUND
399 http fetch GET https://registry.npmjs.org/update-browserslist-db/-/update-browserslist-db-1.2.3.tgz attempt 3 failed with ENOTFOUND
400 http fetch GET https://registry.npmjs.org/typescript/-/typescript-5.9.3.tgz attempt 3 failed with ENOTFOUND
401 http fetch GET https://registry.npmjs.org/napi-postinstall/-/napi-postinstall-0.3.4.tgz attempt 3 failed with ENOTFOUND
402 http fetch GET https://registry.npmjs.org/semver/-/semver-6.3.1.tgz attempt 3 failed with ENOTFOUND
403 http fetch GET https://registry.npmjs.org/loose-envify/-/loose-envify-1.4.0.tgz attempt 3 failed with ENOTFOUND
404 http fetch GET https://registry.npmjs.org/resolve/-/resolve-2.0.0-next.7.tgz attempt 3 failed with ENOTFOUND
405 http fetch GET https://registry.npmjs.org/json5/-/json5-2.2.3.tgz attempt 3 failed with ENOTFOUND
406 http fetch GET https://registry.npmjs.org/browserslist/-/browserslist-4.28.2.tgz attempt 3 failed with ENOTFOUND
407 http fetch GET https://registry.npmjs.org/@typescript-eslint/typescript-estree/-/typescript-estree-8.61.1.tgz attempt 3 failed with ENOTFOUND
408 http fetch GET https://registry.npmjs.org/@typescript-eslint/visitor-keys/-/visitor-keys-8.61.1.tgz attempt 3 failed with ENOTFOUND
409 http fetch GET https://registry.npmjs.org/@typescript-eslint/utils/-/utils-8.61.1.tgz attempt 3 failed with ENOTFOUND
410 http fetch GET https://registry.npmjs.org/@typescript-eslint/types/-/types-8.61.1.tgz attempt 3 failed with ENOTFOUND
411 http fetch GET https://registry.npmjs.org/@typescript-eslint/project-service/-/project-service-8.61.1.tgz attempt 3 failed with ENOTFOUND
412 http fetch GET https://registry.npmjs.org/@typescript-eslint/scope-manager/-/scope-manager-8.61.1.tgz attempt 3 failed with ENOTFOUND
413 http fetch GET https://registry.npmjs.org/globals/-/globals-16.4.0.tgz attempt 3 failed with ENOTFOUND
414 http fetch GET https://registry.npmjs.org/semver/-/semver-7.8.5.tgz attempt 3 failed with ENOTFOUND
415 verbose reify failed optional dependency /Users/oguzhancankaya/Desktop/fikirnew-main/node_modules/sharp/node_modules/semver
416 silly reify mark deleted [
416 silly reify   '/Users/oguzhancankaya/Desktop/fikirnew-main/node_modules/sharp/node_modules/semver',
416 silly reify   '/Users/oguzhancankaya/Desktop/fikirnew-main/node_modules/sharp/node_modules/.bin/semver'
416 silly reify ]
417 verbose reify failed optional dependency /Users/oguzhancankaya/Desktop/fikirnew-main/node_modules/sharp
418 silly reify mark deleted [ '/Users/oguzhancankaya/Desktop/fikirnew-main/node_modules/sharp' ]
419 verbose reify failed optional dependency /Users/oguzhancankaya/Desktop/fikirnew-main/node_modules/@img/colour
420 silly reify mark deleted [
420 silly reify   '/Users/oguzhancankaya/Desktop/fikirnew-main/node_modules/@img/colour'
420 silly reify ]
421 verbose reify failed optional dependency /Users/oguzhancankaya/Desktop/fikirnew-main/node_modules/@img/sharp-darwin-arm64
422 silly reify mark deleted [
422 silly reify   '/Users/oguzhancankaya/Desktop/fikirnew-main/node_modules/@img/sharp-darwin-arm64'
422 silly reify ]
423 verbose reify failed optional dependency /Users/oguzhancankaya/Desktop/fikirnew-main/node_modules/@img/sharp-darwin-x64
424 silly reify mark deleted [
424 silly reify   '/Users/oguzhancankaya/Desktop/fikirnew-main/node_modules/@img/sharp-darwin-x64'
424 silly reify ]
425 verbose reify failed optional dependency /Users/oguzhancankaya/Desktop/fikirnew-main/node_modules/@img/sharp-libvips-darwin-arm64
426 silly reify mark deleted [
426 silly reify   '/Users/oguzhancankaya/Desktop/fikirnew-main/node_modules/@img/sharp-libvips-darwin-arm64'
426 silly reify ]
427 verbose reify failed optional dependency /Users/oguzhancankaya/Desktop/fikirnew-main/node_modules/@img/sharp-libvips-darwin-x64
428 silly reify mark deleted [
428 silly reify   '/Users/oguzhancankaya/Desktop/fikirnew-main/node_modules/@img/sharp-libvips-darwin-x64'
428 silly reify ]
429 verbose reify failed optional dependency /Users/oguzhancankaya/Desktop/fikirnew-main/node_modules/@img/sharp-libvips-linux-arm
430 silly reify mark deleted [
430 silly reify   '/Users/oguzhancankaya/Desktop/fikirnew-main/node_modules/@img/sharp-libvips-linux-arm'
430 silly reify ]
431 verbose reify failed optional dependency /Users/oguzhancankaya/Desktop/fikirnew-main/node_modules/@img/sharp-libvips-linux-arm64
432 silly reify mark deleted [
432 silly reify   '/Users/oguzhancankaya/Desktop/fikirnew-main/node_modules/@img/sharp-libvips-linux-arm64'
432 silly reify ]
433 verbose reify failed optional dependency /Users/oguzhancankaya/Desktop/fikirnew-main/node_modules/@img/sharp-libvips-linux-ppc64
434 silly reify mark deleted [
434 silly reify   '/Users/oguzhancankaya/Desktop/fikirnew-main/node_modules/@img/sharp-libvips-linux-ppc64'
434 silly reify ]
435 verbose reify failed optional dependency /Users/oguzhancankaya/Desktop/fikirnew-main/node_modules/@img/sharp-libvips-linux-riscv64
436 silly reify mark deleted [
436 silly reify   '/Users/oguzhancankaya/Desktop/fikirnew-main/node_modules/@img/sharp-libvips-linux-riscv64'
436 silly reify ]
437 verbose reify failed optional dependency /Users/oguzhancankaya/Desktop/fikirnew-main/node_modules/@img/sharp-libvips-linux-s390x
438 silly reify mark deleted [
438 silly reify   '/Users/oguzhancankaya/Desktop/fikirnew-main/node_modules/@img/sharp-libvips-linux-s390x'
438 silly reify ]
439 verbose reify failed optional dependency /Users/oguzhancankaya/Desktop/fikirnew-main/node_modules/@img/sharp-libvips-linux-x64
440 silly reify mark deleted [
440 silly reify   '/Users/oguzhancankaya/Desktop/fikirnew-main/node_modules/@img/sharp-libvips-linux-x64'
440 silly reify ]
441 verbose reify failed optional dependency /Users/oguzhancankaya/Desktop/fikirnew-main/node_modules/@img/sharp-libvips-linuxmusl-arm64
442 silly reify mark deleted [
442 silly reify   '/Users/oguzhancankaya/Desktop/fikirnew-main/node_modules/@img/sharp-libvips-linuxmusl-arm64'
442 silly reify ]
443 verbose reify failed optional dependency /Users/oguzhancankaya/Desktop/fikirnew-main/node_modules/@img/sharp-libvips-linuxmusl-x64
444 silly reify mark deleted [
444 silly reify   '/Users/oguzhancankaya/Desktop/fikirnew-main/node_modules/@img/sharp-libvips-linuxmusl-x64'
444 silly reify ]
445 verbose reify failed optional dependency /Users/oguzhancankaya/Desktop/fikirnew-main/node_modules/@img/sharp-linux-arm
446 silly reify mark deleted [
446 silly reify   '/Users/oguzhancankaya/Desktop/fikirnew-main/node_modules/@img/sharp-linux-arm'
446 silly reify ]
447 verbose reify failed optional dependency /Users/oguzhancankaya/Desktop/fikirnew-main/node_modules/@img/sharp-linux-arm64
448 silly reify mark deleted [
448 silly reify   '/Users/oguzhancankaya/Desktop/fikirnew-main/node_modules/@img/sharp-linux-arm64'
448 silly reify ]
449 verbose reify failed optional dependency /Users/oguzhancankaya/Desktop/fikirnew-main/node_modules/@img/sharp-linux-ppc64
450 silly reify mark deleted [
450 silly reify   '/Users/oguzhancankaya/Desktop/fikirnew-main/node_modules/@img/sharp-linux-ppc64'
450 silly reify ]
451 verbose reify failed optional dependency /Users/oguzhancankaya/Desktop/fikirnew-main/node_modules/@img/sharp-linux-riscv64
452 silly reify mark deleted [
452 silly reify   '/Users/oguzhancankaya/Desktop/fikirnew-main/node_modules/@img/sharp-linux-riscv64'
452 silly reify ]
453 verbose reify failed optional dependency /Users/oguzhancankaya/Desktop/fikirnew-main/node_modules/@img/sharp-linux-s390x
454 silly reify mark deleted [
454 silly reify   '/Users/oguzhancankaya/Desktop/fikirnew-main/node_modules/@img/sharp-linux-s390x'
454 silly reify ]
455 verbose reify failed optional dependency /Users/oguzhancankaya/Desktop/fikirnew-main/node_modules/@img/sharp-linux-x64
456 silly reify mark deleted [
456 silly reify   '/Users/oguzhancankaya/Desktop/fikirnew-main/node_modules/@img/sharp-linux-x64'
456 silly reify ]
457 verbose reify failed optional dependency /Users/oguzhancankaya/Desktop/fikirnew-main/node_modules/@img/sharp-linuxmusl-arm64
458 silly reify mark deleted [
458 silly reify   '/Users/oguzhancankaya/Desktop/fikirnew-main/node_modules/@img/sharp-linuxmusl-arm64'
458 silly reify ]
459 verbose reify failed optional dependency /Users/oguzhancankaya/Desktop/fikirnew-main/node_modules/@img/sharp-linuxmusl-x64
460 silly reify mark deleted [
460 silly reify   '/Users/oguzhancankaya/Desktop/fikirnew-main/node_modules/@img/sharp-linuxmusl-x64'
460 silly reify ]
461 verbose reify failed optional dependency /Users/oguzhancankaya/Desktop/fikirnew-main/node_modules/@img/sharp-wasm32
462 silly reify mark deleted [
462 silly reify   '/Users/oguzhancankaya/Desktop/fikirnew-main/node_modules/@img/sharp-wasm32'
462 silly reify ]
463 verbose reify failed optional dependency /Users/oguzhancankaya/Desktop/fikirnew-main/node_modules/@img/sharp-win32-arm64
464 silly reify mark deleted [
464 silly reify   '/Users/oguzhancankaya/Desktop/fikirnew-main/node_modules/@img/sharp-win32-arm64'
464 silly reify ]
465 verbose reify failed optional dependency /Users/oguzhancankaya/Desktop/fikirnew-main/node_modules/@img/sharp-win32-ia32
466 silly reify mark deleted [
466 silly reify   '/Users/oguzhancankaya/Desktop/fikirnew-main/node_modules/@img/sharp-win32-ia32'
466 silly reify ]
467 verbose reify failed optional dependency /Users/oguzhancankaya/Desktop/fikirnew-main/node_modules/@img/sharp-win32-x64
468 silly reify mark deleted [
468 silly reify   '/Users/oguzhancankaya/Desktop/fikirnew-main/node_modules/@img/sharp-win32-x64'
468 silly reify ]
469 http fetch GET https://registry.npmjs.org/@babel/types/-/types-7.29.7.tgz attempt 3 failed with ENOTFOUND
470 verbose cwd /Users/oguzhancankaya/Desktop/fikirnew-main
471 verbose os Darwin 27.0.0
472 verbose node v26.0.0
473 verbose npm  v11.12.1
474 error Exit handler never called!
475 error This is an error with npm itself. Please report this error at:
476 error   <https://github.com/npm/cli/issues>
477 verbose exit 1
478 verbose code 1
479 error A complete log of this run can be found in: /Users/oguzhancankaya/Desktop/fikirnew-main/.npm-cache/_logs/2026-06-22T10_35_14_058Z-debug-0.log
